2025-11-05 10:29:15,848 - root - ERROR - ‚ùå –û–®–ò–ë–ö–ê | UserID: 356633485 | Message: Exception while handling an update: name 'get_bonus_requests_menu' is not defined | Info: Update(message=Message(channel_chat_created=False, chat=Chat(first_name='–†–æ–º–∞–Ω', id=356633485, type=<ChatType.PRIVATE>, username='Tooogr'), date=datetime.datetime(2025, 11, 5, 7, 29, 15, tzinfo=<UTC>), delete_chat_photo=False, from_user=User(first_name='–†–æ–º–∞–Ω', id=356633485, is_bot=False, language_code='ru', username='Tooogr'), group_chat_created=False, message_id=2219, supergroup_chat_created=False, text='üìã –ó–∞–ø—Ä–æ—Å—ã –Ω–∞ —Å–ø–∏—Å–∞–Ω–∏–µ'), update_id=837071435)
2025-11-05 10:29:15,848 - __main__ - ERROR - Exception while handling an update:
Traceback (most recent call last):
  File "C:\Users\–†–æ–º–∞–Ω\PycharmProjects\PythonProject\test_bot\.venv\Lib\site-packages\telegram\ext\_application.py", line 1234, in process_update
    await coroutine
  File "C:\Users\–†–æ–º–∞–Ω\PycharmProjects\PythonProject\test_bot\.venv\Lib\site-packages\telegram\ext\_basehandler.py", line 157, in handle_update
    return await self.callback(update, context)
           ^^^^^^^^^^^^^^^^^^^^^^^^^^^^^^^^^^^^
  File "C:\Users\–†–æ–º–∞–Ω\PycharmProjects\PythonProject\test_bot\handlers\admin_handlers.py", line 454, in handle_bonus_requests
    reply_markup=get_bonus_requests_menu()
                 ^^^^^^^^^^^^^^^^^^^^^^^
NameError: name 'get_bonus_requests_menu' is not defined. Did you mean: 'get_bonus_request_keyboard'?
2025-11-06 23:21:49,204 - __main__ - ERROR - ‚ùå –ö—Ä–∏—Ç–∏—á–µ—Å–∫–∞—è –æ—à–∏–±–∫–∞ –ø—Ä–∏ –∑–∞–ø—É—Å–∫–µ –±–æ—Ç–∞: name 'Update' is not defined
2025-11-06 23:36:02,623 - __main__ - ERROR - ‚ùå –ö—Ä–∏—Ç–∏—á–µ—Å–∫–∞—è –æ—à–∏–±–∫–∞ –ø—Ä–∏ –∑–∞–ø—É—Å–∫–µ –±–æ—Ç–∞: module 'telegram.ext.filters' has no attribute 'Create'
2025-11-06 23:45:10,267 - telegram.ext.Updater - ERROR - Error while getting Updates: Conflict: terminated by other getUpdates request; make sure that only one bot instance is running
2025-11-06 23:45:10,268 - telegram.ext.Application - ERROR - No error handlers are registered, logging exception.
Traceback (most recent call last):
  File "C:\Users\–†–æ–º–∞–Ω\PycharmProjects\PythonProject\test_bot\.venv\Lib\site-packages\telegram\ext\_updater.py", line 688, in _network_loop_retry
    if not await action_cb():
           ^^^^^^^^^^^^^^^^^
  File "C:\Users\–†–æ–º–∞–Ω\PycharmProjects\PythonProject\test_bot\.venv\Lib\site-packages\telegram\ext\_updater.py", line 384, in polling_action_cb
    raise exc
  File "C:\Users\–†–æ–º–∞–Ω\PycharmProjects\PythonProject\test_bot\.venv\Lib\site-packages\telegram\ext\_updater.py", line 373, in polling_action_cb
    updates = await self.bot.get_updates(
              ^^^^^^^^^^^^^^^^^^^^^^^^^^^
  File "C:\Users\–†–æ–º–∞–Ω\PycharmProjects\PythonProject\test_bot\.venv\Lib\site-packages\telegram\ext\_extbot.py", line 558, in get_updates
    updates = await super().get_updates(
              ^^^^^^^^^^^^^^^^^^^^^^^^^^
  File "C:\Users\–†–æ–º–∞–Ω\PycharmProjects\PythonProject\test_bot\.venv\Lib\site-packages\telegram\_bot.py", line 525, in decorator
    result = await func(self, *args, **kwargs)  # skipcq: PYL-E1102
             ^^^^^^^^^^^^^^^^^^^^^^^^^^^^^^^^^
  File "C:\Users\–†–æ–º–∞–Ω\PycharmProjects\PythonProject\test_bot\.venv\Lib\site-packages\telegram\_bot.py", line 3584, in get_updates
    await self._post(
  File "C:\Users\–†–æ–º–∞–Ω\PycharmProjects\PythonProject\test_bot\.venv\Lib\site-packages\telegram\_bot.py", line 613, in _post
    return await self._do_post(
           ^^^^^^^^^^^^^^^^^^^^
  File "C:\Users\–†–æ–º–∞–Ω\PycharmProjects\PythonProject\test_bot\.venv\Lib\site-packages\telegram\ext\_extbot.py", line 340, in _do_post
    return await super()._do_post(
           ^^^^^^^^^^^^^^^^^^^^^^^
  File "C:\Users\–†–æ–º–∞–Ω\PycharmProjects\PythonProject\test_bot\.venv\Lib\site-packages\telegram\_bot.py", line 641, in _do_post
    return await request.post(
           ^^^^^^^^^^^^^^^^^^^
  File "C:\Users\–†–æ–º–∞–Ω\PycharmProjects\PythonProject\test_bot\.venv\Lib\site-packages\telegram\request\_baserequest.py", line 200, in post
    result = await self._request_wrapper(
             ^^^^^^^^^^^^^^^^^^^^^^^^^^^^
  File "C:\Users\–†–æ–º–∞–Ω\PycharmProjects\PythonProject\test_bot\.venv\Lib\site-packages\telegram\request\_baserequest.py", line 381, in _request_wrapper
    raise Conflict(message)
telegram.error.Conflict: Conflict: terminated by other getUpdates request; make sure that only one bot instance is running
2025-11-06 23:45:15,898 - telegram.ext.Updater - ERROR - Error while getting Updates: Conflict: terminated by other getUpdates request; make sure that only one bot instance is running
2025-11-06 23:45:15,899 - telegram.ext.Application - ERROR - No error handlers are registered, logging exception.
Traceback (most recent call last):
  File "C:\Users\–†–æ–º–∞–Ω\PycharmProjects\PythonProject\test_bot\.venv\Lib\site-packages\telegram\ext\_updater.py", line 688, in _network_loop_retry
    if not await action_cb():
           ^^^^^^^^^^^^^^^^^
  File "C:\Users\–†–æ–º–∞–Ω\PycharmProjects\PythonProject\test_bot\.venv\Lib\site-packages\telegram\ext\_updater.py", line 384, in polling_action_cb
    raise exc
  File "C:\Users\–†–æ–º–∞–Ω\PycharmProjects\PythonProject\test_bot\.venv\Lib\site-packages\telegram\ext\_updater.py", line 373, in polling_action_cb
    updates = await self.bot.get_updates(
              ^^^^^^^^^^^^^^^^^^^^^^^^^^^
  File "C:\Users\–†–æ–º–∞–Ω\PycharmProjects\PythonProject\test_bot\.venv\Lib\site-packages\telegram\ext\_extbot.py", line 558, in get_updates
    updates = await super().get_updates(
              ^^^^^^^^^^^^^^^^^^^^^^^^^^
  File "C:\Users\–†–æ–º–∞–Ω\PycharmProjects\PythonProject\test_bot\.venv\Lib\site-packages\telegram\_bot.py", line 525, in decorator
    result = await func(self, *args, **kwargs)  # skipcq: PYL-E1102
             ^^^^^^^^^^^^^^^^^^^^^^^^^^^^^^^^^
  File "C:\Users\–†–æ–º–∞–Ω\PycharmProjects\PythonProject\test_bot\.venv\Lib\site-packages\telegram\_bot.py", line 3584, in get_updates
    await self._post(
  File "C:\Users\–†–æ–º–∞–Ω\PycharmProjects\PythonProject\test_bot\.venv\Lib\site-packages\telegram\_bot.py", line 613, in _post
    return await self._do_post(
           ^^^^^^^^^^^^^^^^^^^^
  File "C:\Users\–†–æ–º–∞–Ω\PycharmProjects\PythonProject\test_bot\.venv\Lib\site-packages\telegram\ext\_extbot.py", line 340, in _do_post
    return await super()._do_post(
           ^^^^^^^^^^^^^^^^^^^^^^^
  File "C:\Users\–†–æ–º–∞–Ω\PycharmProjects\PythonProject\test_bot\.venv\Lib\site-packages\telegram\_bot.py", line 641, in _do_post
    return await request.post(
           ^^^^^^^^^^^^^^^^^^^
  File "C:\Users\–†–æ–º–∞–Ω\PycharmProjects\PythonProject\test_bot\.venv\Lib\site-packages\telegram\request\_baserequest.py", line 200, in post
    result = await self._request_wrapper(
             ^^^^^^^^^^^^^^^^^^^^^^^^^^^^
  File "C:\Users\–†–æ–º–∞–Ω\PycharmProjects\PythonProject\test_bot\.venv\Lib\site-packages\telegram\request\_baserequest.py", line 381, in _request_wrapper
    raise Conflict(message)
telegram.error.Conflict: Conflict: terminated by other getUpdates request; make sure that only one bot instance is running
2025-11-06 23:45:21,122 - telegram.ext.Updater - ERROR - Error while getting Updates: Conflict: terminated by other getUpdates request; make sure that only one bot instance is running
2025-11-06 23:45:21,122 - telegram.ext.Application - ERROR - No error handlers are registered, logging exception.
Traceback (most recent call last):
  File "C:\Users\–†–æ–º–∞–Ω\PycharmProjects\PythonProject\test_bot\.venv\Lib\site-packages\telegram\ext\_updater.py", line 688, in _network_loop_retry
    if not await action_cb():
           ^^^^^^^^^^^^^^^^^
  File "C:\Users\–†–æ–º–∞–Ω\PycharmProjects\PythonProject\test_bot\.venv\Lib\site-packages\telegram\ext\_updater.py", line 384, in polling_action_cb
    raise exc
  File "C:\Users\–†–æ–º–∞–Ω\PycharmProjects\PythonProject\test_bot\.venv\Lib\site-packages\telegram\ext\_updater.py", line 373, in polling_action_cb
    updates = await self.bot.get_updates(
              ^^^^^^^^^^^^^^^^^^^^^^^^^^^
  File "C:\Users\–†–æ–º–∞–Ω\PycharmProjects\PythonProject\test_bot\.venv\Lib\site-packages\telegram\ext\_extbot.py", line 558, in get_updates
    updates = await super().get_updates(
              ^^^^^^^^^^^^^^^^^^^^^^^^^^
  File "C:\Users\–†–æ–º–∞–Ω\PycharmProjects\PythonProject\test_bot\.venv\Lib\site-packages\telegram\_bot.py", line 525, in decorator
    result = await func(self, *args, **kwargs)  # skipcq: PYL-E1102
             ^^^^^^^^^^^^^^^^^^^^^^^^^^^^^^^^^
  File "C:\Users\–†–æ–º–∞–Ω\PycharmProjects\PythonProject\test_bot\.venv\Lib\site-packages\telegram\_bot.py", line 3584, in get_updates
    await self._post(
  File "C:\Users\–†–æ–º–∞–Ω\PycharmProjects\PythonProject\test_bot\.venv\Lib\site-packages\telegram\_bot.py", line 613, in _post
    return await self._do_post(
           ^^^^^^^^^^^^^^^^^^^^
  File "C:\Users\–†–æ–º–∞–Ω\PycharmProjects\PythonProject\test_bot\.venv\Lib\site-packages\telegram\ext\_extbot.py", line 340, in _do_post
    return await super()._do_post(
           ^^^^^^^^^^^^^^^^^^^^^^^
  File "C:\Users\–†–æ–º–∞–Ω\PycharmProjects\PythonProject\test_bot\.venv\Lib\site-packages\telegram\_bot.py", line 641, in _do_post
    return await request.post(
           ^^^^^^^^^^^^^^^^^^^
  File "C:\Users\–†–æ–º–∞–Ω\PycharmProjects\PythonProject\test_bot\.venv\Lib\site-packages\telegram\request\_baserequest.py", line 200, in post
    result = await self._request_wrapper(
             ^^^^^^^^^^^^^^^^^^^^^^^^^^^^
  File "C:\Users\–†–æ–º–∞–Ω\PycharmProjects\PythonProject\test_bot\.venv\Lib\site-packages\telegram\request\_baserequest.py", line 381, in _request_wrapper
    raise Conflict(message)
telegram.error.Conflict: Conflict: terminated by other getUpdates request; make sure that only one bot instance is running
2025-11-06 23:45:26,344 - telegram.ext.Updater - ERROR - Error while getting Updates: Conflict: terminated by other getUpdates request; make sure that only one bot instance is running
2025-11-06 23:45:26,344 - telegram.ext.Application - ERROR - No error handlers are registered, logging exception.
Traceback (most recent call last):
  File "C:\Users\–†–æ–º–∞–Ω\PycharmProjects\PythonProject\test_bot\.venv\Lib\site-packages\telegram\ext\_updater.py", line 688, in _network_loop_retry
    if not await action_cb():
           ^^^^^^^^^^^^^^^^^
  File "C:\Users\–†–æ–º–∞–Ω\PycharmProjects\PythonProject\test_bot\.venv\Lib\site-packages\telegram\ext\_updater.py", line 384, in polling_action_cb
    raise exc
  File "C:\Users\–†–æ–º–∞–Ω\PycharmProjects\PythonProject\test_bot\.venv\Lib\site-packages\telegram\ext\_updater.py", line 373, in polling_action_cb
    updates = await self.bot.get_updates(
              ^^^^^^^^^^^^^^^^^^^^^^^^^^^
  File "C:\Users\–†–æ–º–∞–Ω\PycharmProjects\PythonProject\test_bot\.venv\Lib\site-packages\telegram\ext\_extbot.py", line 558, in get_updates
    updates = await super().get_updates(
              ^^^^^^^^^^^^^^^^^^^^^^^^^^
  File "C:\Users\–†–æ–º–∞–Ω\PycharmProjects\PythonProject\test_bot\.venv\Lib\site-packages\telegram\_bot.py", line 525, in decorator
    result = await func(self, *args, **kwargs)  # skipcq: PYL-E1102
             ^^^^^^^^^^^^^^^^^^^^^^^^^^^^^^^^^
  File "C:\Users\–†–æ–º–∞–Ω\PycharmProjects\PythonProject\test_bot\.venv\Lib\site-packages\telegram\_bot.py", line 3584, in get_updates
    await self._post(
  File "C:\Users\–†–æ–º–∞–Ω\PycharmProjects\PythonProject\test_bot\.venv\Lib\site-packages\telegram\_bot.py", line 613, in _post
    return await self._do_post(
           ^^^^^^^^^^^^^^^^^^^^
  File "C:\Users\–†–æ–º–∞–Ω\PycharmProjects\PythonProject\test_bot\.venv\Lib\site-packages\telegram\ext\_extbot.py", line 340, in _do_post
    return await super()._do_post(
           ^^^^^^^^^^^^^^^^^^^^^^^
  File "C:\Users\–†–æ–º–∞–Ω\PycharmProjects\PythonProject\test_bot\.venv\Lib\site-packages\telegram\_bot.py", line 641, in _do_post
    return await request.post(
           ^^^^^^^^^^^^^^^^^^^
  File "C:\Users\–†–æ–º–∞–Ω\PycharmProjects\PythonProject\test_bot\.venv\Lib\site-packages\telegram\request\_baserequest.py", line 200, in post
    result = await self._request_wrapper(
             ^^^^^^^^^^^^^^^^^^^^^^^^^^^^
  File "C:\Users\–†–æ–º–∞–Ω\PycharmProjects\PythonProject\test_bot\.venv\Lib\site-packages\telegram\request\_baserequest.py", line 381, in _request_wrapper
    raise Conflict(message)
telegram.error.Conflict: Conflict: terminated by other getUpdates request; make sure that only one bot instance is running
2025-11-06 23:45:32,488 - telegram.ext.Updater - ERROR - Error while getting Updates: Conflict: terminated by other getUpdates request; make sure that only one bot instance is running
2025-11-06 23:45:32,489 - telegram.ext.Application - ERROR - No error handlers are registered, logging exception.
Traceback (most recent call last):
  File "C:\Users\–†–æ–º–∞–Ω\PycharmProjects\PythonProject\test_bot\.venv\Lib\site-packages\telegram\ext\_updater.py", line 688, in _network_loop_retry
    if not await action_cb():
           ^^^^^^^^^^^^^^^^^
  File "C:\Users\–†–æ–º–∞–Ω\PycharmProjects\PythonProject\test_bot\.venv\Lib\site-packages\telegram\ext\_updater.py", line 384, in polling_action_cb
    raise exc
  File "C:\Users\–†–æ–º–∞–Ω\PycharmProjects\PythonProject\test_bot\.venv\Lib\site-packages\telegram\ext\_updater.py", line 373, in polling_action_cb
    updates = await self.bot.get_updates(
              ^^^^^^^^^^^^^^^^^^^^^^^^^^^
  File "C:\Users\–†–æ–º–∞–Ω\PycharmProjects\PythonProject\test_bot\.venv\Lib\site-packages\telegram\ext\_extbot.py", line 558, in get_updates
    updates = await super().get_updates(
              ^^^^^^^^^^^^^^^^^^^^^^^^^^
  File "C:\Users\–†–æ–º–∞–Ω\PycharmProjects\PythonProject\test_bot\.venv\Lib\site-packages\telegram\_bot.py", line 525, in decorator
    result = await func(self, *args, **kwargs)  # skipcq: PYL-E1102
             ^^^^^^^^^^^^^^^^^^^^^^^^^^^^^^^^^
  File "C:\Users\–†–æ–º–∞–Ω\PycharmProjects\PythonProject\test_bot\.venv\Lib\site-packages\telegram\_bot.py", line 3584, in get_updates
    await self._post(
  File "C:\Users\–†–æ–º–∞–Ω\PycharmProjects\PythonProject\test_bot\.venv\Lib\site-packages\telegram\_bot.py", line 613, in _post
    return await self._do_post(
           ^^^^^^^^^^^^^^^^^^^^
  File "C:\Users\–†–æ–º–∞–Ω\PycharmProjects\PythonProject\test_bot\.venv\Lib\site-packages\telegram\ext\_extbot.py", line 340, in _do_post
    return await super()._do_post(
           ^^^^^^^^^^^^^^^^^^^^^^^
  File "C:\Users\–†–æ–º–∞–Ω\PycharmProjects\PythonProject\test_bot\.venv\Lib\site-packages\telegram\_bot.py", line 641, in _do_post
    return await request.post(
           ^^^^^^^^^^^^^^^^^^^
  File "C:\Users\–†–æ–º–∞–Ω\PycharmProjects\PythonProject\test_bot\.venv\Lib\site-packages\telegram\request\_baserequest.py", line 200, in post
    result = await self._request_wrapper(
             ^^^^^^^^^^^^^^^^^^^^^^^^^^^^
  File "C:\Users\–†–æ–º–∞–Ω\PycharmProjects\PythonProject\test_bot\.venv\Lib\site-packages\telegram\request\_baserequest.py", line 381, in _request_wrapper
    raise Conflict(message)
telegram.error.Conflict: Conflict: terminated by other getUpdates request; make sure that only one bot instance is running
2025-11-06 23:45:40,168 - telegram.ext.Updater - ERROR - Error while getting Updates: Conflict: terminated by other getUpdates request; make sure that only one bot instance is running
2025-11-06 23:45:40,168 - telegram.ext.Application - ERROR - No error handlers are registered, logging exception.
Traceback (most recent call last):
  File "C:\Users\–†–æ–º–∞–Ω\PycharmProjects\PythonProject\test_bot\.venv\Lib\site-packages\telegram\ext\_updater.py", line 688, in _network_loop_retry
    if not await action_cb():
           ^^^^^^^^^^^^^^^^^
  File "C:\Users\–†–æ–º–∞–Ω\PycharmProjects\PythonProject\test_bot\.venv\Lib\site-packages\telegram\ext\_updater.py", line 384, in polling_action_cb
    raise exc
  File "C:\Users\–†–æ–º–∞–Ω\PycharmProjects\PythonProject\test_bot\.venv\Lib\site-packages\telegram\ext\_updater.py", line 373, in polling_action_cb
    updates = await self.bot.get_updates(
              ^^^^^^^^^^^^^^^^^^^^^^^^^^^
  File "C:\Users\–†–æ–º–∞–Ω\PycharmProjects\PythonProject\test_bot\.venv\Lib\site-packages\telegram\ext\_extbot.py", line 558, in get_updates
    updates = await super().get_updates(
              ^^^^^^^^^^^^^^^^^^^^^^^^^^
  File "C:\Users\–†–æ–º–∞–Ω\PycharmProjects\PythonProject\test_bot\.venv\Lib\site-packages\telegram\_bot.py", line 525, in decorator
    result = await func(self, *args, **kwargs)  # skipcq: PYL-E1102
             ^^^^^^^^^^^^^^^^^^^^^^^^^^^^^^^^^
  File "C:\Users\–†–æ–º–∞–Ω\PycharmProjects\PythonProject\test_bot\.venv\Lib\site-packages\telegram\_bot.py", line 3584, in get_updates
    await self._post(
  File "C:\Users\–†–æ–º–∞–Ω\PycharmProjects\PythonProject\test_bot\.venv\Lib\site-packages\telegram\_bot.py", line 613, in _post
    return await self._do_post(
           ^^^^^^^^^^^^^^^^^^^^
  File "C:\Users\–†–æ–º–∞–Ω\PycharmProjects\PythonProject\test_bot\.venv\Lib\site-packages\telegram\ext\_extbot.py", line 340, in _do_post
    return await super()._do_post(
           ^^^^^^^^^^^^^^^^^^^^^^^
  File "C:\Users\–†–æ–º–∞–Ω\PycharmProjects\PythonProject\test_bot\.venv\Lib\site-packages\telegram\_bot.py", line 641, in _do_post
    return await request.post(
           ^^^^^^^^^^^^^^^^^^^
  File "C:\Users\–†–æ–º–∞–Ω\PycharmProjects\PythonProject\test_bot\.venv\Lib\site-packages\telegram\request\_baserequest.py", line 200, in post
    result = await self._request_wrapper(
             ^^^^^^^^^^^^^^^^^^^^^^^^^^^^
  File "C:\Users\–†–æ–º–∞–Ω\PycharmProjects\PythonProject\test_bot\.venv\Lib\site-packages\telegram\request\_baserequest.py", line 381, in _request_wrapper
    raise Conflict(message)
telegram.error.Conflict: Conflict: terminated by other getUpdates request; make sure that only one bot instance is running
2025-11-06 23:45:47,132 - telegram.ext.Updater - ERROR - Error while getting Updates: Conflict: terminated by other getUpdates request; make sure that only one bot instance is running
2025-11-06 23:45:47,132 - telegram.ext.Application - ERROR - No error handlers are registered, logging exception.
Traceback (most recent call last):
  File "C:\Users\–†–æ–º–∞–Ω\PycharmProjects\PythonProject\test_bot\.venv\Lib\site-packages\telegram\ext\_updater.py", line 688, in _network_loop_retry
    if not await action_cb():
           ^^^^^^^^^^^^^^^^^
  File "C:\Users\–†–æ–º–∞–Ω\PycharmProjects\PythonProject\test_bot\.venv\Lib\site-packages\telegram\ext\_updater.py", line 384, in polling_action_cb
    raise exc
  File "C:\Users\–†–æ–º–∞–Ω\PycharmProjects\PythonProject\test_bot\.venv\Lib\site-packages\telegram\ext\_updater.py", line 373, in polling_action_cb
    updates = await self.bot.get_updates(
              ^^^^^^^^^^^^^^^^^^^^^^^^^^^
  File "C:\Users\–†–æ–º–∞–Ω\PycharmProjects\PythonProject\test_bot\.venv\Lib\site-packages\telegram\ext\_extbot.py", line 558, in get_updates
    updates = await super().get_updates(
              ^^^^^^^^^^^^^^^^^^^^^^^^^^
  File "C:\Users\–†–æ–º–∞–Ω\PycharmProjects\PythonProject\test_bot\.venv\Lib\site-packages\telegram\_bot.py", line 525, in decorator
    result = await func(self, *args, **kwargs)  # skipcq: PYL-E1102
             ^^^^^^^^^^^^^^^^^^^^^^^^^^^^^^^^^
  File "C:\Users\–†–æ–º–∞–Ω\PycharmProjects\PythonProject\test_bot\.venv\Lib\site-packages\telegram\_bot.py", line 3584, in get_updates
    await self._post(
  File "C:\Users\–†–æ–º–∞–Ω\PycharmProjects\PythonProject\test_bot\.venv\Lib\site-packages\telegram\_bot.py", line 613, in _post
    return await self._do_post(
           ^^^^^^^^^^^^^^^^^^^^
  File "C:\Users\–†–æ–º–∞–Ω\PycharmProjects\PythonProject\test_bot\.venv\Lib\site-packages\telegram\ext\_extbot.py", line 340, in _do_post
    return await super()._do_post(
           ^^^^^^^^^^^^^^^^^^^^^^^
  File "C:\Users\–†–æ–º–∞–Ω\PycharmProjects\PythonProject\test_bot\.venv\Lib\site-packages\telegram\_bot.py", line 641, in _do_post
    return await request.post(
           ^^^^^^^^^^^^^^^^^^^
  File "C:\Users\–†–æ–º–∞–Ω\PycharmProjects\PythonProject\test_bot\.venv\Lib\site-packages\telegram\request\_baserequest.py", line 200, in post
    result = await self._request_wrapper(
             ^^^^^^^^^^^^^^^^^^^^^^^^^^^^
  File "C:\Users\–†–æ–º–∞–Ω\PycharmProjects\PythonProject\test_bot\.venv\Lib\site-packages\telegram\request\_baserequest.py", line 381, in _request_wrapper
    raise Conflict(message)
telegram.error.Conflict: Conflict: terminated by other getUpdates request; make sure that only one bot instance is running
2025-11-06 23:45:57,595 - telegram.ext.Updater - ERROR - Error while getting Updates: Conflict: terminated by other getUpdates request; make sure that only one bot instance is running
2025-11-06 23:45:57,595 - telegram.ext.Application - ERROR - No error handlers are registered, logging exception.
Traceback (most recent call last):
  File "C:\Users\–†–æ–º–∞–Ω\PycharmProjects\PythonProject\test_bot\.venv\Lib\site-packages\telegram\ext\_updater.py", line 688, in _network_loop_retry
    if not await action_cb():
           ^^^^^^^^^^^^^^^^^
  File "C:\Users\–†–æ–º–∞–Ω\PycharmProjects\PythonProject\test_bot\.venv\Lib\site-packages\telegram\ext\_updater.py", line 384, in polling_action_cb
    raise exc
  File "C:\Users\–†–æ–º–∞–Ω\PycharmProjects\PythonProject\test_bot\.venv\Lib\site-packages\telegram\ext\_updater.py", line 373, in polling_action_cb
    updates = await self.bot.get_updates(
              ^^^^^^^^^^^^^^^^^^^^^^^^^^^
  File "C:\Users\–†–æ–º–∞–Ω\PycharmProjects\PythonProject\test_bot\.venv\Lib\site-packages\telegram\ext\_extbot.py", line 558, in get_updates
    updates = await super().get_updates(
              ^^^^^^^^^^^^^^^^^^^^^^^^^^
  File "C:\Users\–†–æ–º–∞–Ω\PycharmProjects\PythonProject\test_bot\.venv\Lib\site-packages\telegram\_bot.py", line 525, in decorator
    result = await func(self, *args, **kwargs)  # skipcq: PYL-E1102
             ^^^^^^^^^^^^^^^^^^^^^^^^^^^^^^^^^
  File "C:\Users\–†–æ–º–∞–Ω\PycharmProjects\PythonProject\test_bot\.venv\Lib\site-packages\telegram\_bot.py", line 3584, in get_updates
    await self._post(
  File "C:\Users\–†–æ–º–∞–Ω\PycharmProjects\PythonProject\test_bot\.venv\Lib\site-packages\telegram\_bot.py", line 613, in _post
    return await self._do_post(
           ^^^^^^^^^^^^^^^^^^^^
  File "C:\Users\–†–æ–º–∞–Ω\PycharmProjects\PythonProject\test_bot\.venv\Lib\site-packages\telegram\ext\_extbot.py", line 340, in _do_post
    return await super()._do_post(
           ^^^^^^^^^^^^^^^^^^^^^^^
  File "C:\Users\–†–æ–º–∞–Ω\PycharmProjects\PythonProject\test_bot\.venv\Lib\site-packages\telegram\_bot.py", line 641, in _do_post
    return await request.post(
           ^^^^^^^^^^^^^^^^^^^
  File "C:\Users\–†–æ–º–∞–Ω\PycharmProjects\PythonProject\test_bot\.venv\Lib\site-packages\telegram\request\_baserequest.py", line 200, in post
    result = await self._request_wrapper(
             ^^^^^^^^^^^^^^^^^^^^^^^^^^^^
  File "C:\Users\–†–æ–º–∞–Ω\PycharmProjects\PythonProject\test_bot\.venv\Lib\site-packages\telegram\request\_baserequest.py", line 381, in _request_wrapper
    raise Conflict(message)
telegram.error.Conflict: Conflict: terminated by other getUpdates request; make sure that only one bot instance is running
2025-11-06 23:46:13,112 - telegram.ext.Updater - ERROR - Error while getting Updates: Conflict: terminated by other getUpdates request; make sure that only one bot instance is running
2025-11-06 23:46:13,113 - telegram.ext.Application - ERROR - No error handlers are registered, logging exception.
Traceback (most recent call last):
  File "C:\Users\–†–æ–º–∞–Ω\PycharmProjects\PythonProject\test_bot\.venv\Lib\site-packages\telegram\ext\_updater.py", line 688, in _network_loop_retry
    if not await action_cb():
           ^^^^^^^^^^^^^^^^^
  File "C:\Users\–†–æ–º–∞–Ω\PycharmProjects\PythonProject\test_bot\.venv\Lib\site-packages\telegram\ext\_updater.py", line 384, in polling_action_cb
    raise exc
  File "C:\Users\–†–æ–º–∞–Ω\PycharmProjects\PythonProject\test_bot\.venv\Lib\site-packages\telegram\ext\_updater.py", line 373, in polling_action_cb
    updates = await self.bot.get_updates(
              ^^^^^^^^^^^^^^^^^^^^^^^^^^^
  File "C:\Users\–†–æ–º–∞–Ω\PycharmProjects\PythonProject\test_bot\.venv\Lib\site-packages\telegram\ext\_extbot.py", line 558, in get_updates
    updates = await super().get_updates(
              ^^^^^^^^^^^^^^^^^^^^^^^^^^
  File "C:\Users\–†–æ–º–∞–Ω\PycharmProjects\PythonProject\test_bot\.venv\Lib\site-packages\telegram\_bot.py", line 525, in decorator
    result = await func(self, *args, **kwargs)  # skipcq: PYL-E1102
             ^^^^^^^^^^^^^^^^^^^^^^^^^^^^^^^^^
  File "C:\Users\–†–æ–º–∞–Ω\PycharmProjects\PythonProject\test_bot\.venv\Lib\site-packages\telegram\_bot.py", line 3584, in get_updates
    await self._post(
  File "C:\Users\–†–æ–º–∞–Ω\PycharmProjects\PythonProject\test_bot\.venv\Lib\site-packages\telegram\_bot.py", line 613, in _post
    return await self._do_post(
           ^^^^^^^^^^^^^^^^^^^^
  File "C:\Users\–†–æ–º–∞–Ω\PycharmProjects\PythonProject\test_bot\.venv\Lib\site-packages\telegram\ext\_extbot.py", line 340, in _do_post
    return await super()._do_post(
           ^^^^^^^^^^^^^^^^^^^^^^^
  File "C:\Users\–†–æ–º–∞–Ω\PycharmProjects\PythonProject\test_bot\.venv\Lib\site-packages\telegram\_bot.py", line 641, in _do_post
    return await request.post(
           ^^^^^^^^^^^^^^^^^^^
  File "C:\Users\–†–æ–º–∞–Ω\PycharmProjects\PythonProject\test_bot\.venv\Lib\site-packages\telegram\request\_baserequest.py", line 200, in post
    result = await self._request_wrapper(
             ^^^^^^^^^^^^^^^^^^^^^^^^^^^^
  File "C:\Users\–†–æ–º–∞–Ω\PycharmProjects\PythonProject\test_bot\.venv\Lib\site-packages\telegram\request\_baserequest.py", line 381, in _request_wrapper
    raise Conflict(message)
telegram.error.Conflict: Conflict: terminated by other getUpdates request; make sure that only one bot instance is running
2025-11-06 23:46:28,833 - telegram.ext.Updater - ERROR - Error while getting Updates: Conflict: terminated by other getUpdates request; make sure that only one bot instance is running
2025-11-06 23:46:28,833 - telegram.ext.Application - ERROR - No error handlers are registered, logging exception.
Traceback (most recent call last):
  File "C:\Users\–†–æ–º–∞–Ω\PycharmProjects\PythonProject\test_bot\.venv\Lib\site-packages\telegram\ext\_updater.py", line 688, in _network_loop_retry
    if not await action_cb():
           ^^^^^^^^^^^^^^^^^
  File "C:\Users\–†–æ–º–∞–Ω\PycharmProjects\PythonProject\test_bot\.venv\Lib\site-packages\telegram\ext\_updater.py", line 384, in polling_action_cb
    raise exc
  File "C:\Users\–†–æ–º–∞–Ω\PycharmProjects\PythonProject\test_bot\.venv\Lib\site-packages\telegram\ext\_updater.py", line 373, in polling_action_cb
    updates = await self.bot.get_updates(
              ^^^^^^^^^^^^^^^^^^^^^^^^^^^
  File "C:\Users\–†–æ–º–∞–Ω\PycharmProjects\PythonProject\test_bot\.venv\Lib\site-packages\telegram\ext\_extbot.py", line 558, in get_updates
    updates = await super().get_updates(
              ^^^^^^^^^^^^^^^^^^^^^^^^^^
  File "C:\Users\–†–æ–º–∞–Ω\PycharmProjects\PythonProject\test_bot\.venv\Lib\site-packages\telegram\_bot.py", line 525, in decorator
    result = await func(self, *args, **kwargs)  # skipcq: PYL-E1102
             ^^^^^^^^^^^^^^^^^^^^^^^^^^^^^^^^^
  File "C:\Users\–†–æ–º–∞–Ω\PycharmProjects\PythonProject\test_bot\.venv\Lib\site-packages\telegram\_bot.py", line 3584, in get_updates
    await self._post(
  File "C:\Users\–†–æ–º–∞–Ω\PycharmProjects\PythonProject\test_bot\.venv\Lib\site-packages\telegram\_bot.py", line 613, in _post
    return await self._do_post(
           ^^^^^^^^^^^^^^^^^^^^
  File "C:\Users\–†–æ–º–∞–Ω\PycharmProjects\PythonProject\test_bot\.venv\Lib\site-packages\telegram\ext\_extbot.py", line 340, in _do_post
    return await super()._do_post(
           ^^^^^^^^^^^^^^^^^^^^^^^
  File "C:\Users\–†–æ–º–∞–Ω\PycharmProjects\PythonProject\test_bot\.venv\Lib\site-packages\telegram\_bot.py", line 641, in _do_post
    return await request.post(
           ^^^^^^^^^^^^^^^^^^^
  File "C:\Users\–†–æ–º–∞–Ω\PycharmProjects\PythonProject\test_bot\.venv\Lib\site-packages\telegram\request\_baserequest.py", line 200, in post
    result = await self._request_wrapper(
             ^^^^^^^^^^^^^^^^^^^^^^^^^^^^
  File "C:\Users\–†–æ–º–∞–Ω\PycharmProjects\PythonProject\test_bot\.venv\Lib\site-packages\telegram\request\_baserequest.py", line 381, in _request_wrapper
    raise Conflict(message)
telegram.error.Conflict: Conflict: terminated by other getUpdates request; make sure that only one bot instance is running
2025-11-08 22:54:01,054 - telegram.ext.Application - ERROR - No error handlers are registered, logging exception.
Traceback (most recent call last):
  File "C:\Users\–†–æ–º–∞–Ω\PycharmProjects\PythonProject\test_bot\.venv\Lib\site-packages\telegram\ext\_application.py", line 1234, in process_update
    await coroutine
  File "C:\Users\–†–æ–º–∞–Ω\PycharmProjects\PythonProject\test_bot\.venv\Lib\site-packages\telegram\ext\_basehandler.py", line 157, in handle_update
    return await self.callback(update, context)
           ^^^^^^^^^^^^^^^^^^^^^^^^^^^^^^^^^^^^
  File "C:\Users\–†–æ–º–∞–Ω\PycharmProjects\PythonProject\test_bot\handlers\user_handlers.py", line 889, in show_contacts
    reply_markup=get_contacts_keyboard(),
                 ^^^^^^^^^^^^^^^^^^^^^
NameError: name 'get_contacts_keyboard' is not defined. Did you mean: 'get_cancel_keyboard'?
2025-11-08 22:58:36,658 - telegram.ext.Updater - ERROR - Error while getting Updates: httpx.ReadError: 
2025-11-08 22:58:36,658 - telegram.ext.Application - ERROR - No error handlers are registered, logging exception.
Traceback (most recent call last):
  File "C:\Users\–†–æ–º–∞–Ω\PycharmProjects\PythonProject\test_bot\.venv\Lib\site-packages\httpx\_transports\default.py", line 66, in map_httpcore_exceptions
    yield
  File "C:\Users\–†–æ–º–∞–Ω\PycharmProjects\PythonProject\test_bot\.venv\Lib\site-packages\httpx\_transports\default.py", line 366, in handle_async_request
    resp = await self._pool.handle_async_request(req)
           ^^^^^^^^^^^^^^^^^^^^^^^^^^^^^^^^^^^^^^^^^^
  File "C:\Users\–†–æ–º–∞–Ω\PycharmProjects\PythonProject\test_bot\.venv\Lib\site-packages\httpcore\_async\connection_pool.py", line 256, in handle_async_request
    raise exc from None
  File "C:\Users\–†–æ–º–∞–Ω\PycharmProjects\PythonProject\test_bot\.venv\Lib\site-packages\httpcore\_async\connection_pool.py", line 236, in handle_async_request
    response = await connection.handle_async_request(
               ^^^^^^^^^^^^^^^^^^^^^^^^^^^^^^^^^^^^^^
  File "C:\Users\–†–æ–º–∞–Ω\PycharmProjects\PythonProject\test_bot\.venv\Lib\site-packages\httpcore\_async\connection.py", line 103, in handle_async_request
    return await self._connection.handle_async_request(request)
           ^^^^^^^^^^^^^^^^^^^^^^^^^^^^^^^^^^^^^^^^^^^^^^^^^^^^
  File "C:\Users\–†–æ–º–∞–Ω\PycharmProjects\PythonProject\test_bot\.venv\Lib\site-packages\httpcore\_async\http11.py", line 136, in handle_async_request
    raise exc
  File "C:\Users\–†–æ–º–∞–Ω\PycharmProjects\PythonProject\test_bot\.venv\Lib\site-packages\httpcore\_async\http11.py", line 106, in handle_async_request
    ) = await self._receive_response_headers(**kwargs)
        ^^^^^^^^^^^^^^^^^^^^^^^^^^^^^^^^^^^^^^^^^^^^^^
  File "C:\Users\–†–æ–º–∞–Ω\PycharmProjects\PythonProject\test_bot\.venv\Lib\site-packages\httpcore\_async\http11.py", line 177, in _receive_response_headers
    event = await self._receive_event(timeout=timeout)
            ^^^^^^^^^^^^^^^^^^^^^^^^^^^^^^^^^^^^^^^^^^
  File "C:\Users\–†–æ–º–∞–Ω\PycharmProjects\PythonProject\test_bot\.venv\Lib\site-packages\httpcore\_async\http11.py", line 217, in _receive_event
    data = await self._network_stream.read(
           ^^^^^^^^^^^^^^^^^^^^^^^^^^^^^^^^
  File "C:\Users\–†–æ–º–∞–Ω\PycharmProjects\PythonProject\test_bot\.venv\Lib\site-packages\httpcore\_backends\anyio.py", line 32, in read
    with map_exceptions(exc_map):
         ^^^^^^^^^^^^^^^^^^^^^^^
  File "C:\Program Files\WindowsApps\PythonSoftwareFoundation.Python.3.12_3.12.2800.0_x64__qbz5n2kfra8p0\Lib\contextlib.py", line 158, in __exit__
    self.gen.throw(value)
  File "C:\Users\–†–æ–º–∞–Ω\PycharmProjects\PythonProject\test_bot\.venv\Lib\site-packages\httpcore\_exceptions.py", line 14, in map_exceptions
    raise to_exc(exc) from exc
httpcore.ReadError

The above exception was the direct cause of the following exception:

Traceback (most recent call last):
  File "C:\Users\–†–æ–º–∞–Ω\PycharmProjects\PythonProject\test_bot\.venv\Lib\site-packages\telegram\request\_httpxrequest.py", line 268, in do_request
    res = await self._client.request(
          ^^^^^^^^^^^^^^^^^^^^^^^^^^^
  File "C:\Users\–†–æ–º–∞–Ω\PycharmProjects\PythonProject\test_bot\.venv\Lib\site-packages\httpx\_client.py", line 1530, in request
    return await self.send(request, auth=auth, follow_redirects=follow_redirects)
           ^^^^^^^^^^^^^^^^^^^^^^^^^^^^^^^^^^^^^^^^^^^^^^^^^^^^^^^^^^^^^^^^^^^^^^
  File "C:\Users\–†–æ–º–∞–Ω\PycharmProjects\PythonProject\test_bot\.venv\Lib\site-packages\httpx\_client.py", line 1617, in send
    response = await self._send_handling_auth(
               ^^^^^^^^^^^^^^^^^^^^^^^^^^^^^^^
  File "C:\Users\–†–æ–º–∞–Ω\PycharmProjects\PythonProject\test_bot\.venv\Lib\site-packages\httpx\_client.py", line 1645, in _send_handling_auth
    response = await self._send_handling_redirects(
               ^^^^^^^^^^^^^^^^^^^^^^^^^^^^^^^^^^^^
  File "C:\Users\–†–æ–º–∞–Ω\PycharmProjects\PythonProject\test_bot\.venv\Lib\site-packages\httpx\_client.py", line 1682, in _send_handling_redirects
    response = await self._send_single_request(request)
               ^^^^^^^^^^^^^^^^^^^^^^^^^^^^^^^^^^^^^^^^
  File "C:\Users\–†–æ–º–∞–Ω\PycharmProjects\PythonProject\test_bot\.venv\Lib\site-packages\httpx\_client.py", line 1719, in _send_single_request
    response = await transport.handle_async_request(request)
               ^^^^^^^^^^^^^^^^^^^^^^^^^^^^^^^^^^^^^^^^^^^^^
  File "C:\Users\–†–æ–º–∞–Ω\PycharmProjects\PythonProject\test_bot\.venv\Lib\site-packages\httpx\_transports\default.py", line 365, in handle_async_request
    with map_httpcore_exceptions():
         ^^^^^^^^^^^^^^^^^^^^^^^^^
  File "C:\Program Files\WindowsApps\PythonSoftwareFoundation.Python.3.12_3.12.2800.0_x64__qbz5n2kfra8p0\Lib\contextlib.py", line 158, in __exit__
    self.gen.throw(value)
  File "C:\Users\–†–æ–º–∞–Ω\PycharmProjects\PythonProject\test_bot\.venv\Lib\site-packages\httpx\_transports\default.py", line 83, in map_httpcore_exceptions
    raise mapped_exc(message) from exc
httpx.ReadError

The above exception was the direct cause of the following exception:

Traceback (most recent call last):
  File "C:\Users\–†–æ–º–∞–Ω\PycharmProjects\PythonProject\test_bot\.venv\Lib\site-packages\telegram\ext\_updater.py", line 688, in _network_loop_retry
    if not await action_cb():
           ^^^^^^^^^^^^^^^^^
  File "C:\Users\–†–æ–º–∞–Ω\PycharmProjects\PythonProject\test_bot\.venv\Lib\site-packages\telegram\ext\_updater.py", line 384, in polling_action_cb
    raise exc
  File "C:\Users\–†–æ–º–∞–Ω\PycharmProjects\PythonProject\test_bot\.venv\Lib\site-packages\telegram\ext\_updater.py", line 373, in polling_action_cb
    updates = await self.bot.get_updates(
              ^^^^^^^^^^^^^^^^^^^^^^^^^^^
  File "C:\Users\–†–æ–º–∞–Ω\PycharmProjects\PythonProject\test_bot\.venv\Lib\site-packages\telegram\ext\_extbot.py", line 558, in get_updates
    updates = await super().get_updates(
              ^^^^^^^^^^^^^^^^^^^^^^^^^^
  File "C:\Users\–†–æ–º–∞–Ω\PycharmProjects\PythonProject\test_bot\.venv\Lib\site-packages\telegram\_bot.py", line 525, in decorator
    result = await func(self, *args, **kwargs)  # skipcq: PYL-E1102
             ^^^^^^^^^^^^^^^^^^^^^^^^^^^^^^^^^
  File "C:\Users\–†–æ–º–∞–Ω\PycharmProjects\PythonProject\test_bot\.venv\Lib\site-packages\telegram\_bot.py", line 3584, in get_updates
    await self._post(
  File "C:\Users\–†–æ–º–∞–Ω\PycharmProjects\PythonProject\test_bot\.venv\Lib\site-packages\telegram\_bot.py", line 613, in _post
    return await self._do_post(
           ^^^^^^^^^^^^^^^^^^^^
  File "C:\Users\–†–æ–º–∞–Ω\PycharmProjects\PythonProject\test_bot\.venv\Lib\site-packages\telegram\ext\_extbot.py", line 340, in _do_post
    return await super()._do_post(
           ^^^^^^^^^^^^^^^^^^^^^^^
  File "C:\Users\–†–æ–º–∞–Ω\PycharmProjects\PythonProject\test_bot\.venv\Lib\site-packages\telegram\_bot.py", line 641, in _do_post
    return await request.post(
           ^^^^^^^^^^^^^^^^^^^
  File "C:\Users\–†–æ–º–∞–Ω\PycharmProjects\PythonProject\test_bot\.venv\Lib\site-packages\telegram\request\_baserequest.py", line 200, in post
    result = await self._request_wrapper(
             ^^^^^^^^^^^^^^^^^^^^^^^^^^^^
  File "C:\Users\–†–æ–º–∞–Ω\PycharmProjects\PythonProject\test_bot\.venv\Lib\site-packages\telegram\request\_baserequest.py", line 340, in _request_wrapper
    raise exc
  File "C:\Users\–†–æ–º–∞–Ω\PycharmProjects\PythonProject\test_bot\.venv\Lib\site-packages\telegram\request\_baserequest.py", line 330, in _request_wrapper
    code, payload = await self.do_request(
                    ^^^^^^^^^^^^^^^^^^^^^^
  File "C:\Users\–†–æ–º–∞–Ω\PycharmProjects\PythonProject\test_bot\.venv\Lib\site-packages\telegram\request\_httpxrequest.py", line 292, in do_request
    raise NetworkError(f"httpx.{err.__class__.__name__}: {err}") from err
telegram.error.NetworkError: httpx.ReadError: 
2025-11-08 23:01:18,111 - telegram.ext.Updater - ERROR - Error while getting Updates: httpx.ReadError: 
2025-11-08 23:01:18,111 - telegram.ext.Application - ERROR - No error handlers are registered, logging exception.
Traceback (most recent call last):
  File "C:\Users\–†–æ–º–∞–Ω\PycharmProjects\PythonProject\test_bot\.venv\Lib\site-packages\httpx\_transports\default.py", line 66, in map_httpcore_exceptions
    yield
  File "C:\Users\–†–æ–º–∞–Ω\PycharmProjects\PythonProject\test_bot\.venv\Lib\site-packages\httpx\_transports\default.py", line 366, in handle_async_request
    resp = await self._pool.handle_async_request(req)
           ^^^^^^^^^^^^^^^^^^^^^^^^^^^^^^^^^^^^^^^^^^
  File "C:\Users\–†–æ–º–∞–Ω\PycharmProjects\PythonProject\test_bot\.venv\Lib\site-packages\httpcore\_async\connection_pool.py", line 256, in handle_async_request
    raise exc from None
  File "C:\Users\–†–æ–º–∞–Ω\PycharmProjects\PythonProject\test_bot\.venv\Lib\site-packages\httpcore\_async\connection_pool.py", line 236, in handle_async_request
    response = await connection.handle_async_request(
               ^^^^^^^^^^^^^^^^^^^^^^^^^^^^^^^^^^^^^^
  File "C:\Users\–†–æ–º–∞–Ω\PycharmProjects\PythonProject\test_bot\.venv\Lib\site-packages\httpcore\_async\connection.py", line 103, in handle_async_request
    return await self._connection.handle_async_request(request)
           ^^^^^^^^^^^^^^^^^^^^^^^^^^^^^^^^^^^^^^^^^^^^^^^^^^^^
  File "C:\Users\–†–æ–º–∞–Ω\PycharmProjects\PythonProject\test_bot\.venv\Lib\site-packages\httpcore\_async\http11.py", line 136, in handle_async_request
    raise exc
  File "C:\Users\–†–æ–º–∞–Ω\PycharmProjects\PythonProject\test_bot\.venv\Lib\site-packages\httpcore\_async\http11.py", line 106, in handle_async_request
    ) = await self._receive_response_headers(**kwargs)
        ^^^^^^^^^^^^^^^^^^^^^^^^^^^^^^^^^^^^^^^^^^^^^^
  File "C:\Users\–†–æ–º–∞–Ω\PycharmProjects\PythonProject\test_bot\.venv\Lib\site-packages\httpcore\_async\http11.py", line 177, in _receive_response_headers
    event = await self._receive_event(timeout=timeout)
            ^^^^^^^^^^^^^^^^^^^^^^^^^^^^^^^^^^^^^^^^^^
  File "C:\Users\–†–æ–º–∞–Ω\PycharmProjects\PythonProject\test_bot\.venv\Lib\site-packages\httpcore\_async\http11.py", line 217, in _receive_event
    data = await self._network_stream.read(
           ^^^^^^^^^^^^^^^^^^^^^^^^^^^^^^^^
  File "C:\Users\–†–æ–º–∞–Ω\PycharmProjects\PythonProject\test_bot\.venv\Lib\site-packages\httpcore\_backends\anyio.py", line 32, in read
    with map_exceptions(exc_map):
         ^^^^^^^^^^^^^^^^^^^^^^^
  File "C:\Program Files\WindowsApps\PythonSoftwareFoundation.Python.3.12_3.12.2800.0_x64__qbz5n2kfra8p0\Lib\contextlib.py", line 158, in __exit__
    self.gen.throw(value)
  File "C:\Users\–†–æ–º–∞–Ω\PycharmProjects\PythonProject\test_bot\.venv\Lib\site-packages\httpcore\_exceptions.py", line 14, in map_exceptions
    raise to_exc(exc) from exc
httpcore.ReadError

The above exception was the direct cause of the following exception:

Traceback (most recent call last):
  File "C:\Users\–†–æ–º–∞–Ω\PycharmProjects\PythonProject\test_bot\.venv\Lib\site-packages\telegram\request\_httpxrequest.py", line 268, in do_request
    res = await self._client.request(
          ^^^^^^^^^^^^^^^^^^^^^^^^^^^
  File "C:\Users\–†–æ–º–∞–Ω\PycharmProjects\PythonProject\test_bot\.venv\Lib\site-packages\httpx\_client.py", line 1530, in request
    return await self.send(request, auth=auth, follow_redirects=follow_redirects)
           ^^^^^^^^^^^^^^^^^^^^^^^^^^^^^^^^^^^^^^^^^^^^^^^^^^^^^^^^^^^^^^^^^^^^^^
  File "C:\Users\–†–æ–º–∞–Ω\PycharmProjects\PythonProject\test_bot\.venv\Lib\site-packages\httpx\_client.py", line 1617, in send
    response = await self._send_handling_auth(
               ^^^^^^^^^^^^^^^^^^^^^^^^^^^^^^^
  File "C:\Users\–†–æ–º–∞–Ω\PycharmProjects\PythonProject\test_bot\.venv\Lib\site-packages\httpx\_client.py", line 1645, in _send_handling_auth
    response = await self._send_handling_redirects(
               ^^^^^^^^^^^^^^^^^^^^^^^^^^^^^^^^^^^^
  File "C:\Users\–†–æ–º–∞–Ω\PycharmProjects\PythonProject\test_bot\.venv\Lib\site-packages\httpx\_client.py", line 1682, in _send_handling_redirects
    response = await self._send_single_request(request)
               ^^^^^^^^^^^^^^^^^^^^^^^^^^^^^^^^^^^^^^^^
  File "C:\Users\–†–æ–º–∞–Ω\PycharmProjects\PythonProject\test_bot\.venv\Lib\site-packages\httpx\_client.py", line 1719, in _send_single_request
    response = await transport.handle_async_request(request)
               ^^^^^^^^^^^^^^^^^^^^^^^^^^^^^^^^^^^^^^^^^^^^^
  File "C:\Users\–†–æ–º–∞–Ω\PycharmProjects\PythonProject\test_bot\.venv\Lib\site-packages\httpx\_transports\default.py", line 365, in handle_async_request
    with map_httpcore_exceptions():
         ^^^^^^^^^^^^^^^^^^^^^^^^^
  File "C:\Program Files\WindowsApps\PythonSoftwareFoundation.Python.3.12_3.12.2800.0_x64__qbz5n2kfra8p0\Lib\contextlib.py", line 158, in __exit__
    self.gen.throw(value)
  File "C:\Users\–†–æ–º–∞–Ω\PycharmProjects\PythonProject\test_bot\.venv\Lib\site-packages\httpx\_transports\default.py", line 83, in map_httpcore_exceptions
    raise mapped_exc(message) from exc
httpx.ReadError

The above exception was the direct cause of the following exception:

Traceback (most recent call last):
  File "C:\Users\–†–æ–º–∞–Ω\PycharmProjects\PythonProject\test_bot\.venv\Lib\site-packages\telegram\ext\_updater.py", line 688, in _network_loop_retry
    if not await action_cb():
           ^^^^^^^^^^^^^^^^^
  File "C:\Users\–†–æ–º–∞–Ω\PycharmProjects\PythonProject\test_bot\.venv\Lib\site-packages\telegram\ext\_updater.py", line 384, in polling_action_cb
    raise exc
  File "C:\Users\–†–æ–º–∞–Ω\PycharmProjects\PythonProject\test_bot\.venv\Lib\site-packages\telegram\ext\_updater.py", line 373, in polling_action_cb
    updates = await self.bot.get_updates(
              ^^^^^^^^^^^^^^^^^^^^^^^^^^^
  File "C:\Users\–†–æ–º–∞–Ω\PycharmProjects\PythonProject\test_bot\.venv\Lib\site-packages\telegram\ext\_extbot.py", line 558, in get_updates
    updates = await super().get_updates(
              ^^^^^^^^^^^^^^^^^^^^^^^^^^
  File "C:\Users\–†–æ–º–∞–Ω\PycharmProjects\PythonProject\test_bot\.venv\Lib\site-packages\telegram\_bot.py", line 525, in decorator
    result = await func(self, *args, **kwargs)  # skipcq: PYL-E1102
             ^^^^^^^^^^^^^^^^^^^^^^^^^^^^^^^^^
  File "C:\Users\–†–æ–º–∞–Ω\PycharmProjects\PythonProject\test_bot\.venv\Lib\site-packages\telegram\_bot.py", line 3584, in get_updates
    await self._post(
  File "C:\Users\–†–æ–º–∞–Ω\PycharmProjects\PythonProject\test_bot\.venv\Lib\site-packages\telegram\_bot.py", line 613, in _post
    return await self._do_post(
           ^^^^^^^^^^^^^^^^^^^^
  File "C:\Users\–†–æ–º–∞–Ω\PycharmProjects\PythonProject\test_bot\.venv\Lib\site-packages\telegram\ext\_extbot.py", line 340, in _do_post
    return await super()._do_post(
           ^^^^^^^^^^^^^^^^^^^^^^^
  File "C:\Users\–†–æ–º–∞–Ω\PycharmProjects\PythonProject\test_bot\.venv\Lib\site-packages\telegram\_bot.py", line 641, in _do_post
    return await request.post(
           ^^^^^^^^^^^^^^^^^^^
  File "C:\Users\–†–æ–º–∞–Ω\PycharmProjects\PythonProject\test_bot\.venv\Lib\site-packages\telegram\request\_baserequest.py", line 200, in post
    result = await self._request_wrapper(
             ^^^^^^^^^^^^^^^^^^^^^^^^^^^^
  File "C:\Users\–†–æ–º–∞–Ω\PycharmProjects\PythonProject\test_bot\.venv\Lib\site-packages\telegram\request\_baserequest.py", line 340, in _request_wrapper
    raise exc
  File "C:\Users\–†–æ–º–∞–Ω\PycharmProjects\PythonProject\test_bot\.venv\Lib\site-packages\telegram\request\_baserequest.py", line 330, in _request_wrapper
    code, payload = await self.do_request(
                    ^^^^^^^^^^^^^^^^^^^^^^
  File "C:\Users\–†–æ–º–∞–Ω\PycharmProjects\PythonProject\test_bot\.venv\Lib\site-packages\telegram\request\_httpxrequest.py", line 292, in do_request
    raise NetworkError(f"httpx.{err.__class__.__name__}: {err}") from err
telegram.error.NetworkError: httpx.ReadError: 
2025-11-08 23:59:37,963 - message_manager - ERROR - –û—à–∏–±–∫–∞ –ø—Ä–∏ –æ—Ç–ø—Ä–∞–≤–∫–µ —Å–æ–æ–±—â–µ–Ω–∏—è: Can't parse entities: can't find end of the entity starting at byte offset 275
2025-11-08 23:59:37,963 - telegram.ext.Application - ERROR - No error handlers are registered, logging exception.
Traceback (most recent call last):
  File "C:\Users\–†–æ–º–∞–Ω\PycharmProjects\PythonProject\test_bot\.venv\Lib\site-packages\telegram\ext\_application.py", line 1234, in process_update
    await coroutine
  File "C:\Users\–†–æ–º–∞–Ω\PycharmProjects\PythonProject\test_bot\.venv\Lib\site-packages\telegram\ext\_basehandler.py", line 157, in handle_update
    return await self.callback(update, context)
           ^^^^^^^^^^^^^^^^^^^^^^^^^^^^^^^^^^^^
  File "C:\Users\–†–æ–º–∞–Ω\PycharmProjects\PythonProject\test_bot\handlers\user_handlers.py", line 868, in show_contacts
    await message_manager.send_message(
  File "C:\Users\–†–æ–º–∞–Ω\PycharmProjects\PythonProject\test_bot\message_manager.py", line 22, in send_message
    message = await update.message.reply_text(text, **kwargs)
              ^^^^^^^^^^^^^^^^^^^^^^^^^^^^^^^^^^^^^^^^^^^^^^^
  File "C:\Users\–†–æ–º–∞–Ω\PycharmProjects\PythonProject\test_bot\.venv\Lib\site-packages\telegram\_message.py", line 1094, in reply_text
    return await self.get_bot().send_message(
           ^^^^^^^^^^^^^^^^^^^^^^^^^^^^^^^^^^
  File "C:\Users\–†–æ–º–∞–Ω\PycharmProjects\PythonProject\test_bot\.venv\Lib\site-packages\telegram\ext\_extbot.py", line 2624, in send_message
    return await super().send_message(
           ^^^^^^^^^^^^^^^^^^^^^^^^^^^
  File "C:\Users\–†–æ–º–∞–Ω\PycharmProjects\PythonProject\test_bot\.venv\Lib\site-packages\telegram\_bot.py", line 525, in decorator
    result = await func(self, *args, **kwargs)  # skipcq: PYL-E1102
             ^^^^^^^^^^^^^^^^^^^^^^^^^^^^^^^^^
  File "C:\Users\–†–æ–º–∞–Ω\PycharmProjects\PythonProject\test_bot\.venv\Lib\site-packages\telegram\_bot.py", line 846, in send_message
    return await self._send_message(
           ^^^^^^^^^^^^^^^^^^^^^^^^^
  File "C:\Users\–†–æ–º–∞–Ω\PycharmProjects\PythonProject\test_bot\.venv\Lib\site-packages\telegram\ext\_extbot.py", line 522, in _send_message
    result = await super()._send_message(
             ^^^^^^^^^^^^^^^^^^^^^^^^^^^^
  File "C:\Users\–†–æ–º–∞–Ω\PycharmProjects\PythonProject\test_bot\.venv\Lib\site-packages\telegram\_bot.py", line 703, in _send_message
    result = await self._post(
             ^^^^^^^^^^^^^^^^^
  File "C:\Users\–†–æ–º–∞–Ω\PycharmProjects\PythonProject\test_bot\.venv\Lib\site-packages\telegram\_bot.py", line 613, in _post
    return await self._do_post(
           ^^^^^^^^^^^^^^^^^^^^
  File "C:\Users\–†–æ–º–∞–Ω\PycharmProjects\PythonProject\test_bot\.venv\Lib\site-packages\telegram\ext\_extbot.py", line 340, in _do_post
    return await super()._do_post(
           ^^^^^^^^^^^^^^^^^^^^^^^
  File "C:\Users\–†–æ–º–∞–Ω\PycharmProjects\PythonProject\test_bot\.venv\Lib\site-packages\telegram\_bot.py", line 641, in _do_post
    return await request.post(
           ^^^^^^^^^^^^^^^^^^^
  File "C:\Users\–†–æ–º–∞–Ω\PycharmProjects\PythonProject\test_bot\.venv\Lib\site-packages\telegram\request\_baserequest.py", line 200, in post
    result = await self._request_wrapper(
             ^^^^^^^^^^^^^^^^^^^^^^^^^^^^
  File "C:\Users\–†–æ–º–∞–Ω\PycharmProjects\PythonProject\test_bot\.venv\Lib\site-packages\telegram\request\_baserequest.py", line 379, in _request_wrapper
    raise BadRequest(message)
telegram.error.BadRequest: Can't parse entities: can't find end of the entity starting at byte offset 275
2025-11-09 00:03:12,852 - message_manager - ERROR - –û—à–∏–±–∫–∞ –ø—Ä–∏ –æ—Ç–ø—Ä–∞–≤–∫–µ —Å–æ–æ–±—â–µ–Ω–∏—è: Can't parse entities: can't find end of the entity starting at byte offset 275
2025-11-09 00:03:12,853 - telegram.ext.Application - ERROR - No error handlers are registered, logging exception.
Traceback (most recent call last):
  File "C:\Users\–†–æ–º–∞–Ω\PycharmProjects\PythonProject\test_bot\.venv\Lib\site-packages\telegram\ext\_application.py", line 1234, in process_update
    await coroutine
  File "C:\Users\–†–æ–º–∞–Ω\PycharmProjects\PythonProject\test_bot\.venv\Lib\site-packages\telegram\ext\_basehandler.py", line 157, in handle_update
    return await self.callback(update, context)
           ^^^^^^^^^^^^^^^^^^^^^^^^^^^^^^^^^^^^
  File "C:\Users\–†–æ–º–∞–Ω\PycharmProjects\PythonProject\test_bot\handlers\user_handlers.py", line 868, in show_contacts
    await message_manager.send_message(
  File "C:\Users\–†–æ–º–∞–Ω\PycharmProjects\PythonProject\test_bot\message_manager.py", line 22, in send_message
    message = await update.message.reply_text(text, **kwargs)
              ^^^^^^^^^^^^^^^^^^^^^^^^^^^^^^^^^^^^^^^^^^^^^^^
  File "C:\Users\–†–æ–º–∞–Ω\PycharmProjects\PythonProject\test_bot\.venv\Lib\site-packages\telegram\_message.py", line 1094, in reply_text
    return await self.get_bot().send_message(
           ^^^^^^^^^^^^^^^^^^^^^^^^^^^^^^^^^^
  File "C:\Users\–†–æ–º–∞–Ω\PycharmProjects\PythonProject\test_bot\.venv\Lib\site-packages\telegram\ext\_extbot.py", line 2624, in send_message
    return await super().send_message(
           ^^^^^^^^^^^^^^^^^^^^^^^^^^^
  File "C:\Users\–†–æ–º–∞–Ω\PycharmProjects\PythonProject\test_bot\.venv\Lib\site-packages\telegram\_bot.py", line 525, in decorator
    result = await func(self, *args, **kwargs)  # skipcq: PYL-E1102
             ^^^^^^^^^^^^^^^^^^^^^^^^^^^^^^^^^
  File "C:\Users\–†–æ–º–∞–Ω\PycharmProjects\PythonProject\test_bot\.venv\Lib\site-packages\telegram\_bot.py", line 846, in send_message
    return await self._send_message(
           ^^^^^^^^^^^^^^^^^^^^^^^^^
  File "C:\Users\–†–æ–º–∞–Ω\PycharmProjects\PythonProject\test_bot\.venv\Lib\site-packages\telegram\ext\_extbot.py", line 522, in _send_message
    result = await super()._send_message(
             ^^^^^^^^^^^^^^^^^^^^^^^^^^^^
  File "C:\Users\–†–æ–º–∞–Ω\PycharmProjects\PythonProject\test_bot\.venv\Lib\site-packages\telegram\_bot.py", line 703, in _send_message
    result = await self._post(
             ^^^^^^^^^^^^^^^^^
  File "C:\Users\–†–æ–º–∞–Ω\PycharmProjects\PythonProject\test_bot\.venv\Lib\site-packages\telegram\_bot.py", line 613, in _post
    return await self._do_post(
           ^^^^^^^^^^^^^^^^^^^^
  File "C:\Users\–†–æ–º–∞–Ω\PycharmProjects\PythonProject\test_bot\.venv\Lib\site-packages\telegram\ext\_extbot.py", line 340, in _do_post
    return await super()._do_post(
           ^^^^^^^^^^^^^^^^^^^^^^^
  File "C:\Users\–†–æ–º–∞–Ω\PycharmProjects\PythonProject\test_bot\.venv\Lib\site-packages\telegram\_bot.py", line 641, in _do_post
    return await request.post(
           ^^^^^^^^^^^^^^^^^^^
  File "C:\Users\–†–æ–º–∞–Ω\PycharmProjects\PythonProject\test_bot\.venv\Lib\site-packages\telegram\request\_baserequest.py", line 200, in post
    result = await self._request_wrapper(
             ^^^^^^^^^^^^^^^^^^^^^^^^^^^^
  File "C:\Users\–†–æ–º–∞–Ω\PycharmProjects\PythonProject\test_bot\.venv\Lib\site-packages\telegram\request\_baserequest.py", line 379, in _request_wrapper
    raise BadRequest(message)
telegram.error.BadRequest: Can't parse entities: can't find end of the entity starting at byte offset 275
2025-11-09 00:32:58,891 - __main__ - ERROR - ‚ùå –ö—Ä–∏—Ç–∏—á–µ—Å–∫–∞—è –æ—à–∏–±–∫–∞ –ø—Ä–∏ –∑–∞–ø—É—Å–∫–µ –±–æ—Ç–∞: cannot import name 'handle_back_to_contacts_callback' from 'handlers.admin_handlers' (C:\Users\–†–æ–º–∞–Ω\PycharmProjects\PythonProject\test_bot\handlers\admin_handlers.py)
2025-11-09 00:33:33,346 - __main__ - ERROR - ‚ùå –ö—Ä–∏—Ç–∏—á–µ—Å–∫–∞—è –æ—à–∏–±–∫–∞ –ø—Ä–∏ –∑–∞–ø—É—Å–∫–µ –±–æ—Ç–∞: cannot import name 'handle_back_to_contacts_callback' from 'handlers.admin_handlers' (C:\Users\–†–æ–º–∞–Ω\PycharmProjects\PythonProject\test_bot\handlers\admin_handlers.py)
2025-11-09 00:36:31,341 - message_manager - ERROR - –û—à–∏–±–∫–∞ –ø—Ä–∏ –æ—Ç–ø—Ä–∞–≤–∫–µ —Å–æ–æ–±—â–µ–Ω–∏—è: Can't parse entities: can't find end of the entity starting at byte offset 165
2025-11-09 00:36:31,341 - telegram.ext.Application - ERROR - No error handlers are registered, logging exception.
Traceback (most recent call last):
  File "C:\Users\–†–æ–º–∞–Ω\PycharmProjects\PythonProject\test_bot\.venv\Lib\site-packages\telegram\ext\_application.py", line 1234, in process_update
    await coroutine
  File "C:\Users\–†–æ–º–∞–Ω\PycharmProjects\PythonProject\test_bot\.venv\Lib\site-packages\telegram\ext\_basehandler.py", line 157, in handle_update
    return await self.callback(update, context)
           ^^^^^^^^^^^^^^^^^^^^^^^^^^^^^^^^^^^^
  File "C:\Users\–†–æ–º–∞–Ω\PycharmProjects\PythonProject\test_bot\handlers\user_handlers.py", line 905, in handle_telegram_contact
    await message_manager.send_message(
  File "C:\Users\–†–æ–º–∞–Ω\PycharmProjects\PythonProject\test_bot\message_manager.py", line 22, in send_message
    message = await update.message.reply_text(text, **kwargs)
              ^^^^^^^^^^^^^^^^^^^^^^^^^^^^^^^^^^^^^^^^^^^^^^^
  File "C:\Users\–†–æ–º–∞–Ω\PycharmProjects\PythonProject\test_bot\.venv\Lib\site-packages\telegram\_message.py", line 1094, in reply_text
    return await self.get_bot().send_message(
           ^^^^^^^^^^^^^^^^^^^^^^^^^^^^^^^^^^
  File "C:\Users\–†–æ–º–∞–Ω\PycharmProjects\PythonProject\test_bot\.venv\Lib\site-packages\telegram\ext\_extbot.py", line 2624, in send_message
    return await super().send_message(
           ^^^^^^^^^^^^^^^^^^^^^^^^^^^
  File "C:\Users\–†–æ–º–∞–Ω\PycharmProjects\PythonProject\test_bot\.venv\Lib\site-packages\telegram\_bot.py", line 525, in decorator
    result = await func(self, *args, **kwargs)  # skipcq: PYL-E1102
             ^^^^^^^^^^^^^^^^^^^^^^^^^^^^^^^^^
  File "C:\Users\–†–æ–º–∞–Ω\PycharmProjects\PythonProject\test_bot\.venv\Lib\site-packages\telegram\_bot.py", line 846, in send_message
    return await self._send_message(
           ^^^^^^^^^^^^^^^^^^^^^^^^^
  File "C:\Users\–†–æ–º–∞–Ω\PycharmProjects\PythonProject\test_bot\.venv\Lib\site-packages\telegram\ext\_extbot.py", line 522, in _send_message
    result = await super()._send_message(
             ^^^^^^^^^^^^^^^^^^^^^^^^^^^^
  File "C:\Users\–†–æ–º–∞–Ω\PycharmProjects\PythonProject\test_bot\.venv\Lib\site-packages\telegram\_bot.py", line 703, in _send_message
    result = await self._post(
             ^^^^^^^^^^^^^^^^^
  File "C:\Users\–†–æ–º–∞–Ω\PycharmProjects\PythonProject\test_bot\.venv\Lib\site-packages\telegram\_bot.py", line 613, in _post
    return await self._do_post(
           ^^^^^^^^^^^^^^^^^^^^
  File "C:\Users\–†–æ–º–∞–Ω\PycharmProjects\PythonProject\test_bot\.venv\Lib\site-packages\telegram\ext\_extbot.py", line 340, in _do_post
    return await super()._do_post(
           ^^^^^^^^^^^^^^^^^^^^^^^
  File "C:\Users\–†–æ–º–∞–Ω\PycharmProjects\PythonProject\test_bot\.venv\Lib\site-packages\telegram\_bot.py", line 641, in _do_post
    return await request.post(
           ^^^^^^^^^^^^^^^^^^^
  File "C:\Users\–†–æ–º–∞–Ω\PycharmProjects\PythonProject\test_bot\.venv\Lib\site-packages\telegram\request\_baserequest.py", line 200, in post
    result = await self._request_wrapper(
             ^^^^^^^^^^^^^^^^^^^^^^^^^^^^
  File "C:\Users\–†–æ–º–∞–Ω\PycharmProjects\PythonProject\test_bot\.venv\Lib\site-packages\telegram\request\_baserequest.py", line 379, in _request_wrapper
    raise BadRequest(message)
telegram.error.BadRequest: Can't parse entities: can't find end of the entity starting at byte offset 165
2025-11-11 14:36:12,755 - telegram.ext.Application - ERROR - No error handlers are registered, logging exception.
Traceback (most recent call last):
  File "C:\Users\–†–æ–º–∞–Ω\PycharmProjects\PythonProject\test_bot\.venv\Lib\site-packages\telegram\ext\_application.py", line 1234, in process_update
    await coroutine
  File "C:\Users\–†–æ–º–∞–Ω\PycharmProjects\PythonProject\test_bot\.venv\Lib\site-packages\telegram\ext\_conversationhandler.py", line 857, in handle_update
    new_state: object = await handler.handle_update(
                        ^^^^^^^^^^^^^^^^^^^^^^^^^^^^
  File "C:\Users\–†–æ–º–∞–Ω\PycharmProjects\PythonProject\test_bot\.venv\Lib\site-packages\telegram\ext\_basehandler.py", line 157, in handle_update
    return await self.callback(update, context)
           ^^^^^^^^^^^^^^^^^^^^^^^^^^^^^^^^^^^^
  File "C:\Users\–†–æ–º–∞–Ω\PycharmProjects\PythonProject\test_bot\handlers\order_handlers.py", line 65, in handle_order_callback
    await show_active_orders(update, context)
  File "C:\Users\–†–æ–º–∞–Ω\PycharmProjects\PythonProject\test_bot\handlers\order_handlers.py", line 270, in show_active_orders
    active_orders = db.get_active_orders_with_admin()
                    ^^^^^^^^^^^^^^^^^^^^^^^^^^^^^^^
AttributeError: 'Database' object has no attribute 'get_active_orders_with_admin'
2025-11-11 14:51:12,531 - telegram.ext.Application - ERROR - No error handlers are registered, logging exception.
Traceback (most recent call last):
  File "C:\Users\–†–æ–º–∞–Ω\PycharmProjects\PythonProject\test_bot\.venv\Lib\site-packages\telegram\ext\_application.py", line 1234, in process_update
    await coroutine
  File "C:\Users\–†–æ–º–∞–Ω\PycharmProjects\PythonProject\test_bot\.venv\Lib\site-packages\telegram\ext\_conversationhandler.py", line 857, in handle_update
    new_state: object = await handler.handle_update(
                        ^^^^^^^^^^^^^^^^^^^^^^^^^^^^
  File "C:\Users\–†–æ–º–∞–Ω\PycharmProjects\PythonProject\test_bot\.venv\Lib\site-packages\telegram\ext\_basehandler.py", line 157, in handle_update
    return await self.callback(update, context)
           ^^^^^^^^^^^^^^^^^^^^^^^^^^^^^^^^^^^^
  File "C:\Users\–†–æ–º–∞–Ω\PycharmProjects\PythonProject\test_bot\handlers\order_handlers.py", line 81, in handle_order_callback
    from admin_handlers import back_to_main_menu
ModuleNotFoundError: No module named 'admin_handlers'
2025-11-11 15:03:29,594 - __main__ - ERROR - ‚ùå –ö—Ä–∏—Ç–∏—á–µ—Å–∫–∞—è –æ—à–∏–±–∫–∞ –ø—Ä–∏ –∑–∞–ø—É—Å–∫–µ –±–æ—Ç–∞: cannot import name 'handle_add_items_callback' from 'handlers.order_handlers' (C:\Users\–†–æ–º–∞–Ω\PycharmProjects\PythonProject\test_bot\handlers\order_handlers.py)
2025-11-11 15:19:54,677 - telegram.ext.Application - ERROR - No error handlers are registered, logging exception.
Traceback (most recent call last):
  File "C:\Users\–†–æ–º–∞–Ω\PycharmProjects\PythonProject\test_bot\.venv\Lib\site-packages\telegram\ext\_application.py", line 1234, in process_update
    await coroutine
  File "C:\Users\–†–æ–º–∞–Ω\PycharmProjects\PythonProject\test_bot\.venv\Lib\site-packages\telegram\ext\_basehandler.py", line 157, in handle_update
    return await self.callback(update, context)
           ^^^^^^^^^^^^^^^^^^^^^^^^^^^^^^^^^^^^
  File "C:\Users\–†–æ–º–∞–Ω\PycharmProjects\PythonProject\test_bot\handlers\order_handlers.py", line 449, in handle_add_items_button
    return await handle_add_items(update, context)
           ^^^^^^^^^^^^^^^^^^^^^^^^^^^^^^^^^^^^^^^
  File "C:\Users\–†–æ–º–∞–Ω\PycharmProjects\PythonProject\test_bot\handlers\order_handlers.py", line 421, in handle_add_items
    await query.edit_message_text(
          ^^^^^^^^^^^^^^^^^^^^^^^^
TypeError: CallbackQuery.edit_message_text() got an unexpected keyword argument 'is_temporary'
2025-11-11 15:37:02,532 - __main__ - ERROR - ‚ùå –ö—Ä–∏—Ç–∏—á–µ—Å–∫–∞—è –æ—à–∏–±–∫–∞ –ø—Ä–∏ –∑–∞–ø—É—Å–∫–µ –±–æ—Ç–∞: name 'handle_order_history' is not defined
2025-11-11 15:37:15,365 - __main__ - ERROR - ‚ùå –ö—Ä–∏—Ç–∏—á–µ—Å–∫–∞—è –æ—à–∏–±–∫–∞ –ø—Ä–∏ –∑–∞–ø—É—Å–∫–µ –±–æ—Ç–∞: name 'handle_order_history' is not defined
2025-11-11 21:58:56,015 - telegram.ext.Updater - ERROR - Error while getting Updates: httpx.ConnectError: [Errno 11001] getaddrinfo failed
2025-11-11 21:58:56,018 - telegram.ext.Application - ERROR - No error handlers are registered, logging exception.
Traceback (most recent call last):
  File "C:\Users\–†–æ–º–∞–Ω\PycharmProjects\PythonProject\test_bot\.venv\Lib\site-packages\httpx\_transports\default.py", line 66, in map_httpcore_exceptions
    yield
  File "C:\Users\–†–æ–º–∞–Ω\PycharmProjects\PythonProject\test_bot\.venv\Lib\site-packages\httpx\_transports\default.py", line 366, in handle_async_request
    resp = await self._pool.handle_async_request(req)
           ^^^^^^^^^^^^^^^^^^^^^^^^^^^^^^^^^^^^^^^^^^
  File "C:\Users\–†–æ–º–∞–Ω\PycharmProjects\PythonProject\test_bot\.venv\Lib\site-packages\httpcore\_async\connection_pool.py", line 256, in handle_async_request
    raise exc from None
  File "C:\Users\–†–æ–º–∞–Ω\PycharmProjects\PythonProject\test_bot\.venv\Lib\site-packages\httpcore\_async\connection_pool.py", line 236, in handle_async_request
    response = await connection.handle_async_request(
               ^^^^^^^^^^^^^^^^^^^^^^^^^^^^^^^^^^^^^^
  File "C:\Users\–†–æ–º–∞–Ω\PycharmProjects\PythonProject\test_bot\.venv\Lib\site-packages\httpcore\_async\connection.py", line 101, in handle_async_request
    raise exc
  File "C:\Users\–†–æ–º–∞–Ω\PycharmProjects\PythonProject\test_bot\.venv\Lib\site-packages\httpcore\_async\connection.py", line 78, in handle_async_request
    stream = await self._connect(request)
             ^^^^^^^^^^^^^^^^^^^^^^^^^^^^
  File "C:\Users\–†–æ–º–∞–Ω\PycharmProjects\PythonProject\test_bot\.venv\Lib\site-packages\httpcore\_async\connection.py", line 124, in _connect
    stream = await self._network_backend.connect_tcp(**kwargs)
             ^^^^^^^^^^^^^^^^^^^^^^^^^^^^^^^^^^^^^^^^^^^^^^^^^
  File "C:\Users\–†–æ–º–∞–Ω\PycharmProjects\PythonProject\test_bot\.venv\Lib\site-packages\httpcore\_backends\auto.py", line 31, in connect_tcp
    return await self._backend.connect_tcp(
           ^^^^^^^^^^^^^^^^^^^^^^^^^^^^^^^^
  File "C:\Users\–†–æ–º–∞–Ω\PycharmProjects\PythonProject\test_bot\.venv\Lib\site-packages\httpcore\_backends\anyio.py", line 113, in connect_tcp
    with map_exceptions(exc_map):
         ^^^^^^^^^^^^^^^^^^^^^^^
  File "C:\Program Files\WindowsApps\PythonSoftwareFoundation.Python.3.12_3.12.2800.0_x64__qbz5n2kfra8p0\Lib\contextlib.py", line 158, in __exit__
    self.gen.throw(value)
  File "C:\Users\–†–æ–º–∞–Ω\PycharmProjects\PythonProject\test_bot\.venv\Lib\site-packages\httpcore\_exceptions.py", line 14, in map_exceptions
    raise to_exc(exc) from exc
httpcore.ConnectError: [Errno 11001] getaddrinfo failed

The above exception was the direct cause of the following exception:

Traceback (most recent call last):
  File "C:\Users\–†–æ–º–∞–Ω\PycharmProjects\PythonProject\test_bot\.venv\Lib\site-packages\telegram\request\_httpxrequest.py", line 268, in do_request
    res = await self._client.request(
          ^^^^^^^^^^^^^^^^^^^^^^^^^^^
  File "C:\Users\–†–æ–º–∞–Ω\PycharmProjects\PythonProject\test_bot\.venv\Lib\site-packages\httpx\_client.py", line 1530, in request
    return await self.send(request, auth=auth, follow_redirects=follow_redirects)
           ^^^^^^^^^^^^^^^^^^^^^^^^^^^^^^^^^^^^^^^^^^^^^^^^^^^^^^^^^^^^^^^^^^^^^^
  File "C:\Users\–†–æ–º–∞–Ω\PycharmProjects\PythonProject\test_bot\.venv\Lib\site-packages\httpx\_client.py", line 1617, in send
    response = await self._send_handling_auth(
               ^^^^^^^^^^^^^^^^^^^^^^^^^^^^^^^
  File "C:\Users\–†–æ–º–∞–Ω\PycharmProjects\PythonProject\test_bot\.venv\Lib\site-packages\httpx\_client.py", line 1645, in _send_handling_auth
    response = await self._send_handling_redirects(
               ^^^^^^^^^^^^^^^^^^^^^^^^^^^^^^^^^^^^
  File "C:\Users\–†–æ–º–∞–Ω\PycharmProjects\PythonProject\test_bot\.venv\Lib\site-packages\httpx\_client.py", line 1682, in _send_handling_redirects
    response = await self._send_single_request(request)
               ^^^^^^^^^^^^^^^^^^^^^^^^^^^^^^^^^^^^^^^^
  File "C:\Users\–†–æ–º–∞–Ω\PycharmProjects\PythonProject\test_bot\.venv\Lib\site-packages\httpx\_client.py", line 1719, in _send_single_request
    response = await transport.handle_async_request(request)
               ^^^^^^^^^^^^^^^^^^^^^^^^^^^^^^^^^^^^^^^^^^^^^
  File "C:\Users\–†–æ–º–∞–Ω\PycharmProjects\PythonProject\test_bot\.venv\Lib\site-packages\httpx\_transports\default.py", line 365, in handle_async_request
    with map_httpcore_exceptions():
         ^^^^^^^^^^^^^^^^^^^^^^^^^
  File "C:\Program Files\WindowsApps\PythonSoftwareFoundation.Python.3.12_3.12.2800.0_x64__qbz5n2kfra8p0\Lib\contextlib.py", line 158, in __exit__
    self.gen.throw(value)
  File "C:\Users\–†–æ–º–∞–Ω\PycharmProjects\PythonProject\test_bot\.venv\Lib\site-packages\httpx\_transports\default.py", line 83, in map_httpcore_exceptions
    raise mapped_exc(message) from exc
httpx.ConnectError: [Errno 11001] getaddrinfo failed

The above exception was the direct cause of the following exception:

Traceback (most recent call last):
  File "C:\Users\–†–æ–º–∞–Ω\PycharmProjects\PythonProject\test_bot\.venv\Lib\site-packages\telegram\ext\_updater.py", line 688, in _network_loop_retry
    if not await action_cb():
           ^^^^^^^^^^^^^^^^^
  File "C:\Users\–†–æ–º–∞–Ω\PycharmProjects\PythonProject\test_bot\.venv\Lib\site-packages\telegram\ext\_updater.py", line 384, in polling_action_cb
    raise exc
  File "C:\Users\–†–æ–º–∞–Ω\PycharmProjects\PythonProject\test_bot\.venv\Lib\site-packages\telegram\ext\_updater.py", line 373, in polling_action_cb
    updates = await self.bot.get_updates(
              ^^^^^^^^^^^^^^^^^^^^^^^^^^^
  File "C:\Users\–†–æ–º–∞–Ω\PycharmProjects\PythonProject\test_bot\.venv\Lib\site-packages\telegram\ext\_extbot.py", line 558, in get_updates
    updates = await super().get_updates(
              ^^^^^^^^^^^^^^^^^^^^^^^^^^
  File "C:\Users\–†–æ–º–∞–Ω\PycharmProjects\PythonProject\test_bot\.venv\Lib\site-packages\telegram\_bot.py", line 525, in decorator
    result = await func(self, *args, **kwargs)  # skipcq: PYL-E1102
             ^^^^^^^^^^^^^^^^^^^^^^^^^^^^^^^^^
  File "C:\Users\–†–æ–º–∞–Ω\PycharmProjects\PythonProject\test_bot\.venv\Lib\site-packages\telegram\_bot.py", line 3584, in get_updates
    await self._post(
  File "C:\Users\–†–æ–º–∞–Ω\PycharmProjects\PythonProject\test_bot\.venv\Lib\site-packages\telegram\_bot.py", line 613, in _post
    return await self._do_post(
           ^^^^^^^^^^^^^^^^^^^^
  File "C:\Users\–†–æ–º–∞–Ω\PycharmProjects\PythonProject\test_bot\.venv\Lib\site-packages\telegram\ext\_extbot.py", line 340, in _do_post
    return await super()._do_post(
           ^^^^^^^^^^^^^^^^^^^^^^^
  File "C:\Users\–†–æ–º–∞–Ω\PycharmProjects\PythonProject\test_bot\.venv\Lib\site-packages\telegram\_bot.py", line 641, in _do_post
    return await request.post(
           ^^^^^^^^^^^^^^^^^^^
  File "C:\Users\–†–æ–º–∞–Ω\PycharmProjects\PythonProject\test_bot\.venv\Lib\site-packages\telegram\request\_baserequest.py", line 200, in post
    result = await self._request_wrapper(
             ^^^^^^^^^^^^^^^^^^^^^^^^^^^^
  File "C:\Users\–†–æ–º–∞–Ω\PycharmProjects\PythonProject\test_bot\.venv\Lib\site-packages\telegram\request\_baserequest.py", line 340, in _request_wrapper
    raise exc
  File "C:\Users\–†–æ–º–∞–Ω\PycharmProjects\PythonProject\test_bot\.venv\Lib\site-packages\telegram\request\_baserequest.py", line 330, in _request_wrapper
    code, payload = await self.do_request(
                    ^^^^^^^^^^^^^^^^^^^^^^
  File "C:\Users\–†–æ–º–∞–Ω\PycharmProjects\PythonProject\test_bot\.venv\Lib\site-packages\telegram\request\_httpxrequest.py", line 292, in do_request
    raise NetworkError(f"httpx.{err.__class__.__name__}: {err}") from err
telegram.error.NetworkError: httpx.ConnectError: [Errno 11001] getaddrinfo failed
2025-11-11 21:58:57,088 - telegram.ext.Updater - ERROR - Error while getting Updates: httpx.ConnectError: [Errno 11001] getaddrinfo failed
2025-11-11 21:58:57,089 - telegram.ext.Application - ERROR - No error handlers are registered, logging exception.
Traceback (most recent call last):
  File "C:\Users\–†–æ–º–∞–Ω\PycharmProjects\PythonProject\test_bot\.venv\Lib\site-packages\httpx\_transports\default.py", line 66, in map_httpcore_exceptions
    yield
  File "C:\Users\–†–æ–º–∞–Ω\PycharmProjects\PythonProject\test_bot\.venv\Lib\site-packages\httpx\_transports\default.py", line 366, in handle_async_request
    resp = await self._pool.handle_async_request(req)
           ^^^^^^^^^^^^^^^^^^^^^^^^^^^^^^^^^^^^^^^^^^
  File "C:\Users\–†–æ–º–∞–Ω\PycharmProjects\PythonProject\test_bot\.venv\Lib\site-packages\httpcore\_async\connection_pool.py", line 256, in handle_async_request
    raise exc from None
  File "C:\Users\–†–æ–º–∞–Ω\PycharmProjects\PythonProject\test_bot\.venv\Lib\site-packages\httpcore\_async\connection_pool.py", line 236, in handle_async_request
    response = await connection.handle_async_request(
               ^^^^^^^^^^^^^^^^^^^^^^^^^^^^^^^^^^^^^^
  File "C:\Users\–†–æ–º–∞–Ω\PycharmProjects\PythonProject\test_bot\.venv\Lib\site-packages\httpcore\_async\connection.py", line 101, in handle_async_request
    raise exc
  File "C:\Users\–†–æ–º–∞–Ω\PycharmProjects\PythonProject\test_bot\.venv\Lib\site-packages\httpcore\_async\connection.py", line 78, in handle_async_request
    stream = await self._connect(request)
             ^^^^^^^^^^^^^^^^^^^^^^^^^^^^
  File "C:\Users\–†–æ–º–∞–Ω\PycharmProjects\PythonProject\test_bot\.venv\Lib\site-packages\httpcore\_async\connection.py", line 124, in _connect
    stream = await self._network_backend.connect_tcp(**kwargs)
             ^^^^^^^^^^^^^^^^^^^^^^^^^^^^^^^^^^^^^^^^^^^^^^^^^
  File "C:\Users\–†–æ–º–∞–Ω\PycharmProjects\PythonProject\test_bot\.venv\Lib\site-packages\httpcore\_backends\auto.py", line 31, in connect_tcp
    return await self._backend.connect_tcp(
           ^^^^^^^^^^^^^^^^^^^^^^^^^^^^^^^^
  File "C:\Users\–†–æ–º–∞–Ω\PycharmProjects\PythonProject\test_bot\.venv\Lib\site-packages\httpcore\_backends\anyio.py", line 113, in connect_tcp
    with map_exceptions(exc_map):
         ^^^^^^^^^^^^^^^^^^^^^^^
  File "C:\Program Files\WindowsApps\PythonSoftwareFoundation.Python.3.12_3.12.2800.0_x64__qbz5n2kfra8p0\Lib\contextlib.py", line 158, in __exit__
    self.gen.throw(value)
  File "C:\Users\–†–æ–º–∞–Ω\PycharmProjects\PythonProject\test_bot\.venv\Lib\site-packages\httpcore\_exceptions.py", line 14, in map_exceptions
    raise to_exc(exc) from exc
httpcore.ConnectError: [Errno 11001] getaddrinfo failed

The above exception was the direct cause of the following exception:

Traceback (most recent call last):
  File "C:\Users\–†–æ–º–∞–Ω\PycharmProjects\PythonProject\test_bot\.venv\Lib\site-packages\telegram\request\_httpxrequest.py", line 268, in do_request
    res = await self._client.request(
          ^^^^^^^^^^^^^^^^^^^^^^^^^^^
  File "C:\Users\–†–æ–º–∞–Ω\PycharmProjects\PythonProject\test_bot\.venv\Lib\site-packages\httpx\_client.py", line 1530, in request
    return await self.send(request, auth=auth, follow_redirects=follow_redirects)
           ^^^^^^^^^^^^^^^^^^^^^^^^^^^^^^^^^^^^^^^^^^^^^^^^^^^^^^^^^^^^^^^^^^^^^^
  File "C:\Users\–†–æ–º–∞–Ω\PycharmProjects\PythonProject\test_bot\.venv\Lib\site-packages\httpx\_client.py", line 1617, in send
    response = await self._send_handling_auth(
               ^^^^^^^^^^^^^^^^^^^^^^^^^^^^^^^
  File "C:\Users\–†–æ–º–∞–Ω\PycharmProjects\PythonProject\test_bot\.venv\Lib\site-packages\httpx\_client.py", line 1645, in _send_handling_auth
    response = await self._send_handling_redirects(
               ^^^^^^^^^^^^^^^^^^^^^^^^^^^^^^^^^^^^
  File "C:\Users\–†–æ–º–∞–Ω\PycharmProjects\PythonProject\test_bot\.venv\Lib\site-packages\httpx\_client.py", line 1682, in _send_handling_redirects
    response = await self._send_single_request(request)
               ^^^^^^^^^^^^^^^^^^^^^^^^^^^^^^^^^^^^^^^^
  File "C:\Users\–†–æ–º–∞–Ω\PycharmProjects\PythonProject\test_bot\.venv\Lib\site-packages\httpx\_client.py", line 1719, in _send_single_request
    response = await transport.handle_async_request(request)
               ^^^^^^^^^^^^^^^^^^^^^^^^^^^^^^^^^^^^^^^^^^^^^
  File "C:\Users\–†–æ–º–∞–Ω\PycharmProjects\PythonProject\test_bot\.venv\Lib\site-packages\httpx\_transports\default.py", line 365, in handle_async_request
    with map_httpcore_exceptions():
         ^^^^^^^^^^^^^^^^^^^^^^^^^
  File "C:\Program Files\WindowsApps\PythonSoftwareFoundation.Python.3.12_3.12.2800.0_x64__qbz5n2kfra8p0\Lib\contextlib.py", line 158, in __exit__
    self.gen.throw(value)
  File "C:\Users\–†–æ–º–∞–Ω\PycharmProjects\PythonProject\test_bot\.venv\Lib\site-packages\httpx\_transports\default.py", line 83, in map_httpcore_exceptions
    raise mapped_exc(message) from exc
httpx.ConnectError: [Errno 11001] getaddrinfo failed

The above exception was the direct cause of the following exception:

Traceback (most recent call last):
  File "C:\Users\–†–æ–º–∞–Ω\PycharmProjects\PythonProject\test_bot\.venv\Lib\site-packages\telegram\ext\_updater.py", line 688, in _network_loop_retry
    if not await action_cb():
           ^^^^^^^^^^^^^^^^^
  File "C:\Users\–†–æ–º–∞–Ω\PycharmProjects\PythonProject\test_bot\.venv\Lib\site-packages\telegram\ext\_updater.py", line 384, in polling_action_cb
    raise exc
  File "C:\Users\–†–æ–º–∞–Ω\PycharmProjects\PythonProject\test_bot\.venv\Lib\site-packages\telegram\ext\_updater.py", line 373, in polling_action_cb
    updates = await self.bot.get_updates(
              ^^^^^^^^^^^^^^^^^^^^^^^^^^^
  File "C:\Users\–†–æ–º–∞–Ω\PycharmProjects\PythonProject\test_bot\.venv\Lib\site-packages\telegram\ext\_extbot.py", line 558, in get_updates
    updates = await super().get_updates(
              ^^^^^^^^^^^^^^^^^^^^^^^^^^
  File "C:\Users\–†–æ–º–∞–Ω\PycharmProjects\PythonProject\test_bot\.venv\Lib\site-packages\telegram\_bot.py", line 525, in decorator
    result = await func(self, *args, **kwargs)  # skipcq: PYL-E1102
             ^^^^^^^^^^^^^^^^^^^^^^^^^^^^^^^^^
  File "C:\Users\–†–æ–º–∞–Ω\PycharmProjects\PythonProject\test_bot\.venv\Lib\site-packages\telegram\_bot.py", line 3584, in get_updates
    await self._post(
  File "C:\Users\–†–æ–º–∞–Ω\PycharmProjects\PythonProject\test_bot\.venv\Lib\site-packages\telegram\_bot.py", line 613, in _post
    return await self._do_post(
           ^^^^^^^^^^^^^^^^^^^^
  File "C:\Users\–†–æ–º–∞–Ω\PycharmProjects\PythonProject\test_bot\.venv\Lib\site-packages\telegram\ext\_extbot.py", line 340, in _do_post
    return await super()._do_post(
           ^^^^^^^^^^^^^^^^^^^^^^^
  File "C:\Users\–†–æ–º–∞–Ω\PycharmProjects\PythonProject\test_bot\.venv\Lib\site-packages\telegram\_bot.py", line 641, in _do_post
    return await request.post(
           ^^^^^^^^^^^^^^^^^^^
  File "C:\Users\–†–æ–º–∞–Ω\PycharmProjects\PythonProject\test_bot\.venv\Lib\site-packages\telegram\request\_baserequest.py", line 200, in post
    result = await self._request_wrapper(
             ^^^^^^^^^^^^^^^^^^^^^^^^^^^^
  File "C:\Users\–†–æ–º–∞–Ω\PycharmProjects\PythonProject\test_bot\.venv\Lib\site-packages\telegram\request\_baserequest.py", line 340, in _request_wrapper
    raise exc
  File "C:\Users\–†–æ–º–∞–Ω\PycharmProjects\PythonProject\test_bot\.venv\Lib\site-packages\telegram\request\_baserequest.py", line 330, in _request_wrapper
    code, payload = await self.do_request(
                    ^^^^^^^^^^^^^^^^^^^^^^
  File "C:\Users\–†–æ–º–∞–Ω\PycharmProjects\PythonProject\test_bot\.venv\Lib\site-packages\telegram\request\_httpxrequest.py", line 292, in do_request
    raise NetworkError(f"httpx.{err.__class__.__name__}: {err}") from err
telegram.error.NetworkError: httpx.ConnectError: [Errno 11001] getaddrinfo failed
2025-11-11 21:58:58,590 - telegram.ext.Updater - ERROR - Error while getting Updates: httpx.ConnectError: [Errno 11001] getaddrinfo failed
2025-11-11 21:58:58,590 - telegram.ext.Application - ERROR - No error handlers are registered, logging exception.
Traceback (most recent call last):
  File "C:\Users\–†–æ–º–∞–Ω\PycharmProjects\PythonProject\test_bot\.venv\Lib\site-packages\httpx\_transports\default.py", line 66, in map_httpcore_exceptions
    yield
  File "C:\Users\–†–æ–º–∞–Ω\PycharmProjects\PythonProject\test_bot\.venv\Lib\site-packages\httpx\_transports\default.py", line 366, in handle_async_request
    resp = await self._pool.handle_async_request(req)
           ^^^^^^^^^^^^^^^^^^^^^^^^^^^^^^^^^^^^^^^^^^
  File "C:\Users\–†–æ–º–∞–Ω\PycharmProjects\PythonProject\test_bot\.venv\Lib\site-packages\httpcore\_async\connection_pool.py", line 256, in handle_async_request
    raise exc from None
  File "C:\Users\–†–æ–º–∞–Ω\PycharmProjects\PythonProject\test_bot\.venv\Lib\site-packages\httpcore\_async\connection_pool.py", line 236, in handle_async_request
    response = await connection.handle_async_request(
               ^^^^^^^^^^^^^^^^^^^^^^^^^^^^^^^^^^^^^^
  File "C:\Users\–†–æ–º–∞–Ω\PycharmProjects\PythonProject\test_bot\.venv\Lib\site-packages\httpcore\_async\connection.py", line 101, in handle_async_request
    raise exc
  File "C:\Users\–†–æ–º–∞–Ω\PycharmProjects\PythonProject\test_bot\.venv\Lib\site-packages\httpcore\_async\connection.py", line 78, in handle_async_request
    stream = await self._connect(request)
             ^^^^^^^^^^^^^^^^^^^^^^^^^^^^
  File "C:\Users\–†–æ–º–∞–Ω\PycharmProjects\PythonProject\test_bot\.venv\Lib\site-packages\httpcore\_async\connection.py", line 124, in _connect
    stream = await self._network_backend.connect_tcp(**kwargs)
             ^^^^^^^^^^^^^^^^^^^^^^^^^^^^^^^^^^^^^^^^^^^^^^^^^
  File "C:\Users\–†–æ–º–∞–Ω\PycharmProjects\PythonProject\test_bot\.venv\Lib\site-packages\httpcore\_backends\auto.py", line 31, in connect_tcp
    return await self._backend.connect_tcp(
           ^^^^^^^^^^^^^^^^^^^^^^^^^^^^^^^^
  File "C:\Users\–†–æ–º–∞–Ω\PycharmProjects\PythonProject\test_bot\.venv\Lib\site-packages\httpcore\_backends\anyio.py", line 113, in connect_tcp
    with map_exceptions(exc_map):
         ^^^^^^^^^^^^^^^^^^^^^^^
  File "C:\Program Files\WindowsApps\PythonSoftwareFoundation.Python.3.12_3.12.2800.0_x64__qbz5n2kfra8p0\Lib\contextlib.py", line 158, in __exit__
    self.gen.throw(value)
  File "C:\Users\–†–æ–º–∞–Ω\PycharmProjects\PythonProject\test_bot\.venv\Lib\site-packages\httpcore\_exceptions.py", line 14, in map_exceptions
    raise to_exc(exc) from exc
httpcore.ConnectError: [Errno 11001] getaddrinfo failed

The above exception was the direct cause of the following exception:

Traceback (most recent call last):
  File "C:\Users\–†–æ–º–∞–Ω\PycharmProjects\PythonProject\test_bot\.venv\Lib\site-packages\telegram\request\_httpxrequest.py", line 268, in do_request
    res = await self._client.request(
          ^^^^^^^^^^^^^^^^^^^^^^^^^^^
  File "C:\Users\–†–æ–º–∞–Ω\PycharmProjects\PythonProject\test_bot\.venv\Lib\site-packages\httpx\_client.py", line 1530, in request
    return await self.send(request, auth=auth, follow_redirects=follow_redirects)
           ^^^^^^^^^^^^^^^^^^^^^^^^^^^^^^^^^^^^^^^^^^^^^^^^^^^^^^^^^^^^^^^^^^^^^^
  File "C:\Users\–†–æ–º–∞–Ω\PycharmProjects\PythonProject\test_bot\.venv\Lib\site-packages\httpx\_client.py", line 1617, in send
    response = await self._send_handling_auth(
               ^^^^^^^^^^^^^^^^^^^^^^^^^^^^^^^
  File "C:\Users\–†–æ–º–∞–Ω\PycharmProjects\PythonProject\test_bot\.venv\Lib\site-packages\httpx\_client.py", line 1645, in _send_handling_auth
    response = await self._send_handling_redirects(
               ^^^^^^^^^^^^^^^^^^^^^^^^^^^^^^^^^^^^
  File "C:\Users\–†–æ–º–∞–Ω\PycharmProjects\PythonProject\test_bot\.venv\Lib\site-packages\httpx\_client.py", line 1682, in _send_handling_redirects
    response = await self._send_single_request(request)
               ^^^^^^^^^^^^^^^^^^^^^^^^^^^^^^^^^^^^^^^^
  File "C:\Users\–†–æ–º–∞–Ω\PycharmProjects\PythonProject\test_bot\.venv\Lib\site-packages\httpx\_client.py", line 1719, in _send_single_request
    response = await transport.handle_async_request(request)
               ^^^^^^^^^^^^^^^^^^^^^^^^^^^^^^^^^^^^^^^^^^^^^
  File "C:\Users\–†–æ–º–∞–Ω\PycharmProjects\PythonProject\test_bot\.venv\Lib\site-packages\httpx\_transports\default.py", line 365, in handle_async_request
    with map_httpcore_exceptions():
         ^^^^^^^^^^^^^^^^^^^^^^^^^
  File "C:\Program Files\WindowsApps\PythonSoftwareFoundation.Python.3.12_3.12.2800.0_x64__qbz5n2kfra8p0\Lib\contextlib.py", line 158, in __exit__
    self.gen.throw(value)
  File "C:\Users\–†–æ–º–∞–Ω\PycharmProjects\PythonProject\test_bot\.venv\Lib\site-packages\httpx\_transports\default.py", line 83, in map_httpcore_exceptions
    raise mapped_exc(message) from exc
httpx.ConnectError: [Errno 11001] getaddrinfo failed

The above exception was the direct cause of the following exception:

Traceback (most recent call last):
  File "C:\Users\–†–æ–º–∞–Ω\PycharmProjects\PythonProject\test_bot\.venv\Lib\site-packages\telegram\ext\_updater.py", line 688, in _network_loop_retry
    if not await action_cb():
           ^^^^^^^^^^^^^^^^^
  File "C:\Users\–†–æ–º–∞–Ω\PycharmProjects\PythonProject\test_bot\.venv\Lib\site-packages\telegram\ext\_updater.py", line 384, in polling_action_cb
    raise exc
  File "C:\Users\–†–æ–º–∞–Ω\PycharmProjects\PythonProject\test_bot\.venv\Lib\site-packages\telegram\ext\_updater.py", line 373, in polling_action_cb
    updates = await self.bot.get_updates(
              ^^^^^^^^^^^^^^^^^^^^^^^^^^^
  File "C:\Users\–†–æ–º–∞–Ω\PycharmProjects\PythonProject\test_bot\.venv\Lib\site-packages\telegram\ext\_extbot.py", line 558, in get_updates
    updates = await super().get_updates(
              ^^^^^^^^^^^^^^^^^^^^^^^^^^
  File "C:\Users\–†–æ–º–∞–Ω\PycharmProjects\PythonProject\test_bot\.venv\Lib\site-packages\telegram\_bot.py", line 525, in decorator
    result = await func(self, *args, **kwargs)  # skipcq: PYL-E1102
             ^^^^^^^^^^^^^^^^^^^^^^^^^^^^^^^^^
  File "C:\Users\–†–æ–º–∞–Ω\PycharmProjects\PythonProject\test_bot\.venv\Lib\site-packages\telegram\_bot.py", line 3584, in get_updates
    await self._post(
  File "C:\Users\–†–æ–º–∞–Ω\PycharmProjects\PythonProject\test_bot\.venv\Lib\site-packages\telegram\_bot.py", line 613, in _post
    return await self._do_post(
           ^^^^^^^^^^^^^^^^^^^^
  File "C:\Users\–†–æ–º–∞–Ω\PycharmProjects\PythonProject\test_bot\.venv\Lib\site-packages\telegram\ext\_extbot.py", line 340, in _do_post
    return await super()._do_post(
           ^^^^^^^^^^^^^^^^^^^^^^^
  File "C:\Users\–†–æ–º–∞–Ω\PycharmProjects\PythonProject\test_bot\.venv\Lib\site-packages\telegram\_bot.py", line 641, in _do_post
    return await request.post(
           ^^^^^^^^^^^^^^^^^^^
  File "C:\Users\–†–æ–º–∞–Ω\PycharmProjects\PythonProject\test_bot\.venv\Lib\site-packages\telegram\request\_baserequest.py", line 200, in post
    result = await self._request_wrapper(
             ^^^^^^^^^^^^^^^^^^^^^^^^^^^^
  File "C:\Users\–†–æ–º–∞–Ω\PycharmProjects\PythonProject\test_bot\.venv\Lib\site-packages\telegram\request\_baserequest.py", line 340, in _request_wrapper
    raise exc
  File "C:\Users\–†–æ–º–∞–Ω\PycharmProjects\PythonProject\test_bot\.venv\Lib\site-packages\telegram\request\_baserequest.py", line 330, in _request_wrapper
    code, payload = await self.do_request(
                    ^^^^^^^^^^^^^^^^^^^^^^
  File "C:\Users\–†–æ–º–∞–Ω\PycharmProjects\PythonProject\test_bot\.venv\Lib\site-packages\telegram\request\_httpxrequest.py", line 292, in do_request
    raise NetworkError(f"httpx.{err.__class__.__name__}: {err}") from err
telegram.error.NetworkError: httpx.ConnectError: [Errno 11001] getaddrinfo failed
2025-11-11 21:59:00,843 - telegram.ext.Updater - ERROR - Error while getting Updates: httpx.ConnectError: [Errno 11001] getaddrinfo failed
2025-11-11 21:59:00,844 - telegram.ext.Application - ERROR - No error handlers are registered, logging exception.
Traceback (most recent call last):
  File "C:\Users\–†–æ–º–∞–Ω\PycharmProjects\PythonProject\test_bot\.venv\Lib\site-packages\httpx\_transports\default.py", line 66, in map_httpcore_exceptions
    yield
  File "C:\Users\–†–æ–º–∞–Ω\PycharmProjects\PythonProject\test_bot\.venv\Lib\site-packages\httpx\_transports\default.py", line 366, in handle_async_request
    resp = await self._pool.handle_async_request(req)
           ^^^^^^^^^^^^^^^^^^^^^^^^^^^^^^^^^^^^^^^^^^
  File "C:\Users\–†–æ–º–∞–Ω\PycharmProjects\PythonProject\test_bot\.venv\Lib\site-packages\httpcore\_async\connection_pool.py", line 256, in handle_async_request
    raise exc from None
  File "C:\Users\–†–æ–º–∞–Ω\PycharmProjects\PythonProject\test_bot\.venv\Lib\site-packages\httpcore\_async\connection_pool.py", line 236, in handle_async_request
    response = await connection.handle_async_request(
               ^^^^^^^^^^^^^^^^^^^^^^^^^^^^^^^^^^^^^^
  File "C:\Users\–†–æ–º–∞–Ω\PycharmProjects\PythonProject\test_bot\.venv\Lib\site-packages\httpcore\_async\connection.py", line 101, in handle_async_request
    raise exc
  File "C:\Users\–†–æ–º–∞–Ω\PycharmProjects\PythonProject\test_bot\.venv\Lib\site-packages\httpcore\_async\connection.py", line 78, in handle_async_request
    stream = await self._connect(request)
             ^^^^^^^^^^^^^^^^^^^^^^^^^^^^
  File "C:\Users\–†–æ–º–∞–Ω\PycharmProjects\PythonProject\test_bot\.venv\Lib\site-packages\httpcore\_async\connection.py", line 124, in _connect
    stream = await self._network_backend.connect_tcp(**kwargs)
             ^^^^^^^^^^^^^^^^^^^^^^^^^^^^^^^^^^^^^^^^^^^^^^^^^
  File "C:\Users\–†–æ–º–∞–Ω\PycharmProjects\PythonProject\test_bot\.venv\Lib\site-packages\httpcore\_backends\auto.py", line 31, in connect_tcp
    return await self._backend.connect_tcp(
           ^^^^^^^^^^^^^^^^^^^^^^^^^^^^^^^^
  File "C:\Users\–†–æ–º–∞–Ω\PycharmProjects\PythonProject\test_bot\.venv\Lib\site-packages\httpcore\_backends\anyio.py", line 113, in connect_tcp
    with map_exceptions(exc_map):
         ^^^^^^^^^^^^^^^^^^^^^^^
  File "C:\Program Files\WindowsApps\PythonSoftwareFoundation.Python.3.12_3.12.2800.0_x64__qbz5n2kfra8p0\Lib\contextlib.py", line 158, in __exit__
    self.gen.throw(value)
  File "C:\Users\–†–æ–º–∞–Ω\PycharmProjects\PythonProject\test_bot\.venv\Lib\site-packages\httpcore\_exceptions.py", line 14, in map_exceptions
    raise to_exc(exc) from exc
httpcore.ConnectError: [Errno 11001] getaddrinfo failed

The above exception was the direct cause of the following exception:

Traceback (most recent call last):
  File "C:\Users\–†–æ–º–∞–Ω\PycharmProjects\PythonProject\test_bot\.venv\Lib\site-packages\telegram\request\_httpxrequest.py", line 268, in do_request
    res = await self._client.request(
          ^^^^^^^^^^^^^^^^^^^^^^^^^^^
  File "C:\Users\–†–æ–º–∞–Ω\PycharmProjects\PythonProject\test_bot\.venv\Lib\site-packages\httpx\_client.py", line 1530, in request
    return await self.send(request, auth=auth, follow_redirects=follow_redirects)
           ^^^^^^^^^^^^^^^^^^^^^^^^^^^^^^^^^^^^^^^^^^^^^^^^^^^^^^^^^^^^^^^^^^^^^^
  File "C:\Users\–†–æ–º–∞–Ω\PycharmProjects\PythonProject\test_bot\.venv\Lib\site-packages\httpx\_client.py", line 1617, in send
    response = await self._send_handling_auth(
               ^^^^^^^^^^^^^^^^^^^^^^^^^^^^^^^
  File "C:\Users\–†–æ–º–∞–Ω\PycharmProjects\PythonProject\test_bot\.venv\Lib\site-packages\httpx\_client.py", line 1645, in _send_handling_auth
    response = await self._send_handling_redirects(
               ^^^^^^^^^^^^^^^^^^^^^^^^^^^^^^^^^^^^
  File "C:\Users\–†–æ–º–∞–Ω\PycharmProjects\PythonProject\test_bot\.venv\Lib\site-packages\httpx\_client.py", line 1682, in _send_handling_redirects
    response = await self._send_single_request(request)
               ^^^^^^^^^^^^^^^^^^^^^^^^^^^^^^^^^^^^^^^^
  File "C:\Users\–†–æ–º–∞–Ω\PycharmProjects\PythonProject\test_bot\.venv\Lib\site-packages\httpx\_client.py", line 1719, in _send_single_request
    response = await transport.handle_async_request(request)
               ^^^^^^^^^^^^^^^^^^^^^^^^^^^^^^^^^^^^^^^^^^^^^
  File "C:\Users\–†–æ–º–∞–Ω\PycharmProjects\PythonProject\test_bot\.venv\Lib\site-packages\httpx\_transports\default.py", line 365, in handle_async_request
    with map_httpcore_exceptions():
         ^^^^^^^^^^^^^^^^^^^^^^^^^
  File "C:\Program Files\WindowsApps\PythonSoftwareFoundation.Python.3.12_3.12.2800.0_x64__qbz5n2kfra8p0\Lib\contextlib.py", line 158, in __exit__
    self.gen.throw(value)
  File "C:\Users\–†–æ–º–∞–Ω\PycharmProjects\PythonProject\test_bot\.venv\Lib\site-packages\httpx\_transports\default.py", line 83, in map_httpcore_exceptions
    raise mapped_exc(message) from exc
httpx.ConnectError: [Errno 11001] getaddrinfo failed

The above exception was the direct cause of the following exception:

Traceback (most recent call last):
  File "C:\Users\–†–æ–º–∞–Ω\PycharmProjects\PythonProject\test_bot\.venv\Lib\site-packages\telegram\ext\_updater.py", line 688, in _network_loop_retry
    if not await action_cb():
           ^^^^^^^^^^^^^^^^^
  File "C:\Users\–†–æ–º–∞–Ω\PycharmProjects\PythonProject\test_bot\.venv\Lib\site-packages\telegram\ext\_updater.py", line 384, in polling_action_cb
    raise exc
  File "C:\Users\–†–æ–º–∞–Ω\PycharmProjects\PythonProject\test_bot\.venv\Lib\site-packages\telegram\ext\_updater.py", line 373, in polling_action_cb
    updates = await self.bot.get_updates(
              ^^^^^^^^^^^^^^^^^^^^^^^^^^^
  File "C:\Users\–†–æ–º–∞–Ω\PycharmProjects\PythonProject\test_bot\.venv\Lib\site-packages\telegram\ext\_extbot.py", line 558, in get_updates
    updates = await super().get_updates(
              ^^^^^^^^^^^^^^^^^^^^^^^^^^
  File "C:\Users\–†–æ–º–∞–Ω\PycharmProjects\PythonProject\test_bot\.venv\Lib\site-packages\telegram\_bot.py", line 525, in decorator
    result = await func(self, *args, **kwargs)  # skipcq: PYL-E1102
             ^^^^^^^^^^^^^^^^^^^^^^^^^^^^^^^^^
  File "C:\Users\–†–æ–º–∞–Ω\PycharmProjects\PythonProject\test_bot\.venv\Lib\site-packages\telegram\_bot.py", line 3584, in get_updates
    await self._post(
  File "C:\Users\–†–æ–º–∞–Ω\PycharmProjects\PythonProject\test_bot\.venv\Lib\site-packages\telegram\_bot.py", line 613, in _post
    return await self._do_post(
           ^^^^^^^^^^^^^^^^^^^^
  File "C:\Users\–†–æ–º–∞–Ω\PycharmProjects\PythonProject\test_bot\.venv\Lib\site-packages\telegram\ext\_extbot.py", line 340, in _do_post
    return await super()._do_post(
           ^^^^^^^^^^^^^^^^^^^^^^^
  File "C:\Users\–†–æ–º–∞–Ω\PycharmProjects\PythonProject\test_bot\.venv\Lib\site-packages\telegram\_bot.py", line 641, in _do_post
    return await request.post(
           ^^^^^^^^^^^^^^^^^^^
  File "C:\Users\–†–æ–º–∞–Ω\PycharmProjects\PythonProject\test_bot\.venv\Lib\site-packages\telegram\request\_baserequest.py", line 200, in post
    result = await self._request_wrapper(
             ^^^^^^^^^^^^^^^^^^^^^^^^^^^^
  File "C:\Users\–†–æ–º–∞–Ω\PycharmProjects\PythonProject\test_bot\.venv\Lib\site-packages\telegram\request\_baserequest.py", line 340, in _request_wrapper
    raise exc
  File "C:\Users\–†–æ–º–∞–Ω\PycharmProjects\PythonProject\test_bot\.venv\Lib\site-packages\telegram\request\_baserequest.py", line 330, in _request_wrapper
    code, payload = await self.do_request(
                    ^^^^^^^^^^^^^^^^^^^^^^
  File "C:\Users\–†–æ–º–∞–Ω\PycharmProjects\PythonProject\test_bot\.venv\Lib\site-packages\telegram\request\_httpxrequest.py", line 292, in do_request
    raise NetworkError(f"httpx.{err.__class__.__name__}: {err}") from err
telegram.error.NetworkError: httpx.ConnectError: [Errno 11001] getaddrinfo failed
2025-11-11 22:34:58,198 - __main__ - ERROR - ‚ùå –ö—Ä–∏—Ç–∏—á–µ—Å–∫–∞—è –æ—à–∏–±–∫–∞ –ø—Ä–∏ –∑–∞–ø—É—Å–∫–µ –±–æ—Ç–∞: ConversationHandler order_management can not be persistent if application has no persistence
